<?xml version="1.0" encoding="UTF-8"?>
<coverage generated="1775549072352" clover="3.2.0">
  <project timestamp="1775549072352" name="All files">
    <metrics statements="214" coveredstatements="214" conditionals="105" coveredconditionals="105" methods="47" coveredmethods="47" elements="366" coveredelements="366" complexity="0" loc="214" ncloc="214" packages="8" files="14" classes="14"/>
    <package name="src">
      <metrics statements="3" coveredstatements="3" conditionals="0" coveredconditionals="0" methods="1" coveredmethods="1"/>
      <file name="app.service.ts" path="/Users/trancuong/workspaces/interview/everfit/src/app.service.ts">
        <metrics statements="3" coveredstatements="3" conditionals="0" coveredconditionals="0" methods="1" coveredmethods="1"/>
        <line num="1" count="1" type="stmt"/>
        <line num="4" count="1" type="stmt"/>
        <line num="6" count="1" type="stmt"/>
      </file>
    </package>
    <package name="src.modules.exercise-metadata">
      <metrics statements="18" coveredstatements="18" conditionals="10" coveredconditionals="10" methods="1" coveredmethods="1"/>
      <file name="exercise-metadata.service.ts" path="/Users/trancuong/workspaces/interview/everfit/src/modules/exercise-metadata/exercise-metadata.service.ts">
        <metrics statements="18" coveredstatements="18" conditionals="10" coveredconditionals="10" methods="1" coveredmethods="1"/>
        <line num="1" count="1" type="stmt"/>
        <line num="2" count="1" type="stmt"/>
        <line num="11" count="1" type="stmt"/>
        <line num="15" count="1" type="stmt"/>
        <line num="18" count="1" type="stmt"/>
        <line num="28" count="7" type="cond" truecount="2" falsecount="0"/>
        <line num="29" count="7" type="cond" truecount="2" falsecount="0"/>
        <line num="31" count="7" type="stmt"/>
        <line num="37" count="7" type="stmt"/>
        <line num="39" count="7" type="cond" truecount="2" falsecount="0"/>
        <line num="40" count="3" type="stmt"/>
        <line num="43" count="4" type="stmt"/>
        <line num="44" count="4" type="stmt"/>
        <line num="46" count="4" type="stmt"/>
        <line num="47" count="7" type="stmt"/>
        <line num="48" count="7" type="cond" truecount="4" falsecount="0"/>
        <line num="49" count="5" type="stmt"/>
        <line num="53" count="4" type="stmt"/>
      </file>
    </package>
    <package name="src.modules.exercise-metadata.plugins">
      <metrics statements="78" coveredstatements="78" conditionals="36" coveredconditionals="36" methods="13" coveredmethods="13"/>
      <file name="gaps.plugin.ts" path="/Users/trancuong/workspaces/interview/everfit/src/modules/exercise-metadata/plugins/gaps.plugin.ts">
        <metrics statements="27" coveredstatements="27" conditionals="16" coveredconditionals="16" methods="2" coveredmethods="2"/>
        <line num="1" count="1" type="stmt"/>
        <line num="6" count="1" type="stmt"/>
        <line num="8" count="1" type="stmt"/>
        <line num="9" count="1" type="stmt"/>
        <line num="10" count="1" type="stmt"/>
        <line num="22" count="1" type="stmt"/>
        <line num="23" count="1" type="stmt"/>
        <line num="26" count="8" type="cond" truecount="4" falsecount="0"/>
        <line num="28" count="6" type="cond" truecount="2" falsecount="0"/>
        <line num="31" count="6" type="stmt"/>
        <line num="32" count="6" type="stmt"/>
        <line num="33" count="13" type="cond" truecount="2" falsecount="0"/>
        <line num="34" count="13" type="cond" truecount="2" falsecount="0"/>
        <line num="35" count="13" type="stmt"/>
        <line num="38" count="6" type="stmt"/>
        <line num="40" count="6" type="stmt"/>
        <line num="41" count="6" type="stmt"/>
        <line num="42" count="6" type="stmt"/>
        <line num="43" count="6" type="stmt"/>
        <line num="45" count="6" type="cond" truecount="2" falsecount="0"/>
        <line num="48" count="5" type="stmt"/>
        <line num="49" count="5" type="stmt"/>
        <line num="50" count="10" type="stmt"/>
        <line num="51" count="10" type="cond" truecount="2" falsecount="0"/>
        <line num="54" count="5" type="cond" truecount="2" falsecount="0"/>
        <line num="56" count="4" type="stmt"/>
        <line num="59" count="6" type="stmt"/>
      </file>
      <file name="insight-plugin.interface.ts" path="/Users/trancuong/workspaces/interview/everfit/src/modules/exercise-metadata/plugins/insight-plugin.interface.ts">
        <metrics statements="1" coveredstatements="1" conditionals="0" coveredconditionals="0" methods="0" coveredmethods="0"/>
        <line num="18" count="1" type="stmt"/>
      </file>
      <file name="most-trained.plugin.ts" path="/Users/trancuong/workspaces/interview/everfit/src/modules/exercise-metadata/plugins/most-trained.plugin.ts">
        <metrics statements="16" coveredstatements="16" conditionals="2" coveredconditionals="2" methods="6" coveredmethods="6"/>
        <line num="1" count="1" type="stmt"/>
        <line num="23" count="1" type="stmt"/>
        <line num="24" count="1" type="stmt"/>
        <line num="27" count="5" type="stmt"/>
        <line num="29" count="5" type="stmt"/>
        <line num="30" count="9" type="cond" truecount="2" falsecount="0"/>
        <line num="31" count="9" type="stmt"/>
        <line num="32" count="10" type="stmt"/>
        <line num="33" count="9" type="stmt"/>
        <line num="36" count="5" type="stmt"/>
        <line num="37" count="7" type="stmt"/>
        <line num="38" count="3" type="stmt"/>
        <line num="40" count="5" type="stmt"/>
        <line num="41" count="7" type="stmt"/>
        <line num="42" count="3" type="stmt"/>
        <line num="44" count="5" type="stmt"/>
      </file>
      <file name="muscle-group-balance.plugin.ts" path="/Users/trancuong/workspaces/interview/everfit/src/modules/exercise-metadata/plugins/muscle-group-balance.plugin.ts">
        <metrics statements="20" coveredstatements="20" conditionals="12" coveredconditionals="12" methods="3" coveredmethods="3"/>
        <line num="1" count="1" type="stmt"/>
        <line num="13" count="1" type="stmt"/>
        <line num="14" count="1" type="stmt"/>
        <line num="17" count="8" type="cond" truecount="4" falsecount="0"/>
        <line num="18" count="2" type="stmt"/>
        <line num="21" count="6" type="stmt"/>
        <line num="23" count="6" type="stmt"/>
        <line num="24" count="12" type="cond" truecount="2" falsecount="0"/>
        <line num="25" count="12" type="stmt"/>
        <line num="26" count="12" type="cond" truecount="2" falsecount="0"/>
        <line num="29" count="12" type="stmt"/>
        <line num="30" count="6" type="cond" truecount="2" falsecount="0"/>
        <line num="32" count="5" type="stmt"/>
        <line num="33" count="5" type="stmt"/>
        <line num="34" count="10" type="stmt"/>
        <line num="37" count="5" type="stmt"/>
        <line num="38" count="5" type="stmt"/>
        <line num="39" count="10" type="cond" truecount="2" falsecount="0"/>
        <line num="40" count="1" type="stmt"/>
        <line num="44" count="5" type="stmt"/>
      </file>
      <file name="training-frequency.plugin.ts" path="/Users/trancuong/workspaces/interview/everfit/src/modules/exercise-metadata/plugins/training-frequency.plugin.ts">
        <metrics statements="14" coveredstatements="14" conditionals="6" coveredconditionals="6" methods="2" coveredmethods="2"/>
        <line num="1" count="1" type="stmt"/>
        <line num="6" count="1" type="stmt"/>
        <line num="15" count="1" type="stmt"/>
        <line num="16" count="1" type="stmt"/>
        <line num="19" count="10" type="stmt"/>
        <line num="20" count="5" type="stmt"/>
        <line num="22" count="5" type="cond" truecount="2" falsecount="0"/>
        <line num="24" count="4" type="stmt"/>
        <line num="25" count="4" type="cond" truecount="2" falsecount="0"/>
        <line num="26" count="4" type="cond" truecount="2" falsecount="0"/>
        <line num="28" count="4" type="stmt"/>
        <line num="29" count="4" type="stmt"/>
        <line num="30" count="4" type="stmt"/>
        <line num="32" count="4" type="stmt"/>
      </file>
    </package>
    <package name="src.modules.workout-entry">
      <metrics statements="13" coveredstatements="13" conditionals="0" coveredconditionals="0" methods="7" coveredmethods="7"/>
      <file name="workout-entry.service.ts" path="/Users/trancuong/workspaces/interview/everfit/src/modules/workout-entry/workout-entry.service.ts">
        <metrics statements="13" coveredstatements="13" conditionals="0" coveredconditionals="0" methods="7" coveredmethods="7"/>
        <line num="1" count="2" type="stmt"/>
        <line num="3" count="2" type="stmt"/>
        <line num="12" count="2" type="stmt"/>
        <line num="15" count="2" type="stmt"/>
        <line num="18" count="6" type="stmt"/>
        <line num="22" count="7" type="stmt"/>
        <line num="24" count="7" type="stmt"/>
        <line num="32" count="5" type="stmt"/>
        <line num="34" count="5" type="stmt"/>
        <line num="38" count="7" type="stmt"/>
        <line num="48" count="7" type="stmt"/>
        <line num="49" count="6" type="stmt"/>
        <line num="51" count="6" type="stmt"/>
      </file>
    </package>
    <package name="src.modules.workout-set">
      <metrics statements="82" coveredstatements="82" conditionals="51" coveredconditionals="51" methods="18" coveredmethods="18"/>
      <file name="workout-set.service.ts" path="/Users/trancuong/workspaces/interview/everfit/src/modules/workout-set/workout-set.service.ts">
        <metrics statements="82" coveredstatements="82" conditionals="51" coveredconditionals="51" methods="18" coveredmethods="18"/>
        <line num="1" count="2" type="stmt"/>
        <line num="3" count="2" type="stmt"/>
        <line num="19" count="2" type="stmt"/>
        <line num="20" count="2" type="stmt"/>
        <line num="22" count="2" type="stmt"/>
        <line num="23" count="2" type="stmt"/>
        <line num="24" count="2" type="stmt"/>
        <line num="25" count="2" type="stmt"/>
        <line num="27" count="2" type="stmt"/>
        <line num="30" count="2" type="stmt"/>
        <line num="38" count="16" type="stmt"/>
        <line num="45" count="16" type="stmt"/>
        <line num="47" count="16" type="stmt"/>
        <line num="51" count="16" type="stmt"/>
        <line num="53" count="16" type="cond" truecount="5" falsecount="0"/>
        <line num="54" count="7" type="stmt"/>
        <line num="55" count="7" type="stmt"/>
        <line num="56" count="7" type="stmt"/>
        <line num="58" count="7" type="stmt"/>
        <line num="65" count="7" type="stmt"/>
        <line num="66" count="7" type="stmt"/>
        <line num="72" count="16" type="cond" truecount="2" falsecount="0"/>
        <line num="73" count="16" type="stmt"/>
        <line num="75" count="16" type="stmt"/>
        <line num="76" count="15" type="cond" truecount="2" falsecount="0"/>
        <line num="77" count="15" type="stmt"/>
        <line num="79" count="15" type="stmt"/>
        <line num="81" count="15" type="cond" truecount="4" falsecount="0"/>
        <line num="82" count="7" type="cond" truecount="2" falsecount="0"/>
        <line num="83" count="7" type="stmt"/>
        <line num="84" count="7" type="stmt"/>
        <line num="87" count="15" type="stmt"/>
        <line num="90" count="16" type="stmt"/>
        <line num="94" count="10" type="stmt"/>
        <line num="101" count="10" type="stmt"/>
        <line num="102" count="10" type="stmt"/>
        <line num="104" count="11" type="stmt"/>
        <line num="110" count="10" type="stmt"/>
        <line num="120" count="23" type="stmt"/>
        <line num="121" count="23" type="stmt"/>
        <line num="122" count="24" type="cond" truecount="2" falsecount="0"/>
        <line num="123" count="24" type="stmt"/>
        <line num="124" count="24" type="stmt"/>
        <line num="126" count="23" type="stmt"/>
        <line num="130" count="22" type="cond" truecount="2" falsecount="0"/>
        <line num="132" count="19" type="cond" truecount="2" falsecount="0"/>
        <line num="133" count="19" type="stmt"/>
        <line num="134" count="5" type="cond" truecount="2" falsecount="0"/>
        <line num="136" count="19" type="stmt"/>
        <line num="137" count="5" type="cond" truecount="2" falsecount="0"/>
        <line num="140" count="19" type="stmt"/>
        <line num="147" count="19" type="stmt"/>
        <line num="154" count="19" type="stmt"/>
        <line num="161" count="19" type="stmt"/>
        <line num="169" count="7" type="stmt"/>
        <line num="179" count="21" type="stmt"/>
        <line num="180" count="21" type="cond" truecount="2" falsecount="0"/>
        <line num="181" count="21" type="stmt"/>
        <line num="187" count="10" type="stmt"/>
        <line num="189" count="10" type="stmt"/>
        <line num="190" count="14" type="stmt"/>
        <line num="191" count="14" type="cond" truecount="2" falsecount="0"/>
        <line num="192" count="12" type="stmt"/>
        <line num="194" count="2" type="stmt"/>
        <line num="195" count="2" type="stmt"/>
        <line num="199" count="10" type="stmt"/>
        <line num="200" count="5" type="stmt"/>
        <line num="201" count="12" type="stmt"/>
        <line num="208" count="10" type="cond" truecount="2" falsecount="0"/>
        <line num="209" count="7" type="stmt"/>
        <line num="216" count="3" type="stmt"/>
        <line num="218" count="3" type="stmt"/>
        <line num="220" count="5" type="cond" truecount="2" falsecount="0"/>
        <line num="224" count="5" type="stmt"/>
        <line num="225" count="5" type="cond" truecount="2" falsecount="0"/>
        <line num="226" count="4" type="stmt"/>
        <line num="228" count="1" type="stmt"/>
        <line num="229" count="1" type="stmt"/>
        <line num="233" count="3" type="stmt"/>
        <line num="234" count="2" type="stmt"/>
        <line num="235" count="4" type="stmt"/>
        <line num="237" count="5" type="stmt"/>
      </file>
    </package>
    <package name="src.shared.enums">
      <metrics statements="9" coveredstatements="9" conditionals="6" coveredconditionals="6" methods="3" coveredmethods="3"/>
      <file name="compare-to.enum.ts" path="/Users/trancuong/workspaces/interview/everfit/src/shared/enums/compare-to.enum.ts">
        <metrics statements="2" coveredstatements="2" conditionals="2" coveredconditionals="2" methods="1" coveredmethods="1"/>
        <line num="1" count="2" type="cond" truecount="2" falsecount="0"/>
        <line num="2" count="2" type="stmt"/>
      </file>
      <file name="group-by.enum.ts" path="/Users/trancuong/workspaces/interview/everfit/src/shared/enums/group-by.enum.ts">
        <metrics statements="4" coveredstatements="4" conditionals="2" coveredconditionals="2" methods="1" coveredmethods="1"/>
        <line num="1" count="2" type="cond" truecount="2" falsecount="0"/>
        <line num="2" count="2" type="stmt"/>
        <line num="3" count="2" type="stmt"/>
        <line num="4" count="2" type="stmt"/>
      </file>
      <file name="weight-unit.enum.ts" path="/Users/trancuong/workspaces/interview/everfit/src/shared/enums/weight-unit.enum.ts">
        <metrics statements="3" coveredstatements="3" conditionals="2" coveredconditionals="2" methods="1" coveredmethods="1"/>
        <line num="1" count="5" type="cond" truecount="2" falsecount="0"/>
        <line num="2" count="5" type="stmt"/>
        <line num="3" count="5" type="stmt"/>
      </file>
    </package>
    <package name="src.shared.units">
      <metrics statements="9" coveredstatements="9" conditionals="2" coveredconditionals="2" methods="3" coveredmethods="3"/>
      <file name="unit-converter.ts" path="/Users/trancuong/workspaces/interview/everfit/src/shared/units/unit-converter.ts">
        <metrics statements="9" coveredstatements="9" conditionals="2" coveredconditionals="2" methods="3" coveredmethods="3"/>
        <line num="1" count="5" type="stmt"/>
        <line num="3" count="5" type="stmt"/>
        <line num="9" count="111" type="cond" truecount="2" falsecount="0"/>
        <line num="12" count="5" type="stmt"/>
        <line num="13" count="18" type="stmt"/>
        <line num="14" count="14" type="stmt"/>
        <line num="17" count="5" type="stmt"/>
        <line num="18" count="93" type="stmt"/>
        <line num="19" count="91" type="stmt"/>
      </file>
    </package>
    <package name="src.shared.utils">
      <metrics statements="2" coveredstatements="2" conditionals="0" coveredconditionals="0" methods="1" coveredmethods="1"/>
      <file name="epley.ts" path="/Users/trancuong/workspaces/interview/everfit/src/shared/utils/epley.ts">
        <metrics statements="2" coveredstatements="2" conditionals="0" coveredconditionals="0" methods="1" coveredmethods="1"/>
        <line num="2" count="3" type="stmt"/>
        <line num="3" count="37" type="stmt"/>
      </file>
    </package>
  </project>
</coverage>
