{"/Users/trancuong/workspaces/interview/everfit/src/app.service.ts": {"path":"/Users/trancuong/workspaces/interview/everfit/src/app.service.ts","statementMap":{"0":{"start":{"line":1,"column":0},"end":{"line":1,"column":44}},"1":{"start":{"line":4,"column":7},"end":{"line":8,"column":null}},"2":{"start":{"line":6,"column":4},"end":{"line":6,"column":26}},"3":{"start":{"line":4,"column":13},"end":{"line":4,"column":23}},"4":{"start":{"line":4,"column":13},"end":{"line":8,"column":null}}},"fnMap":{"0":{"name":"(anonymous_1)","decl":{"start":{"line":5,"column":2},"end":{"line":5,"column":10}},"loc":{"start":{"line":5,"column":10},"end":{"line":7,"column":3}}}},"branchMap":{},"s":{"0":1,"1":1,"2":1,"3":1,"4":1},"f":{"0":1},"b":{}}
,"/Users/trancuong/workspaces/interview/everfit/src/modules/exercise-metadata/exercise-metadata.service.ts": {"path":"/Users/trancuong/workspaces/interview/everfit/src/modules/exercise-metadata/exercise-metadata.service.ts","statementMap":{"0":{"start":{"line":1,"column":0},"end":{"line":1,"column":52}},"1":{"start":{"line":2,"column":0},"end":{"line":2,"column":null}},"2":{"start":{"line":10,"column":0},"end":{"line":10,"column":null}},"3":{"start":{"line":16,"column":7},"end":{"line":42,"column":null}},"4":{"start":{"line":26,"column":20},"end":{"line":30,"column":6}},"5":{"start":{"line":32,"column":24},"end":{"line":32,"column":83}},"6":{"start":{"line":35,"column":22},"end":{"line":35,"column":24}},"7":{"start":{"line":36,"column":4},"end":{"line":38,"column":5}},"8":{"start":{"line":37,"column":6},"end":{"line":37,"column":53}},"9":{"start":{"line":40,"column":4},"end":{"line":40,"column":20}},"10":{"start":{"line":16,"column":13},"end":{"line":16,"column":36}},"11":{"start":{"line":16,"column":13},"end":{"line":42,"column":null}}},"fnMap":{"0":{"name":"(anonymous_4)","decl":{"start":{"line":25,"column":2},"end":{"line":25,"column":7}},"loc":{"start":{"line":25,"column":39},"end":{"line":41,"column":3}}}},"branchMap":{},"s":{"0":1,"1":1,"2":1,"3":1,"4":3,"5":3,"6":3,"7":3,"8":3,"9":3,"10":1,"11":1},"f":{"0":3},"b":{}}
,"/Users/trancuong/workspaces/interview/everfit/src/modules/exercise-metadata/plugins/gaps.plugin.ts": {"path":"/Users/trancuong/workspaces/interview/everfit/src/modules/exercise-metadata/plugins/gaps.plugin.ts","statementMap":{"0":{"start":{"line":1,"column":0},"end":{"line":1,"column":44}},"1":{"start":{"line":7,"column":0},"end":{"line":7,"column":26}},"2":{"start":{"line":9,"column":27},"end":{"line":9,"column":29}},"3":{"start":{"line":10,"column":31},"end":{"line":10,"column":33}},"4":{"start":{"line":11,"column":32},"end":{"line":11,"column":33}},"5":{"start":{"line":14,"column":7},"end":{"line":53,"column":null}},"6":{"start":{"line":15,"column":17},"end":{"line":15,"column":23}},"7":{"start":{"line":18,"column":4},"end":{"line":18,"column":77}},"8":{"start":{"line":18,"column":67},"end":{"line":18,"column":77}},"9":{"start":{"line":20,"column":15},"end":{"line":20,"column":61}},"10":{"start":{"line":23,"column":28},"end":{"line":23,"column":55}},"11":{"start":{"line":24,"column":4},"end":{"line":28,"column":5}},"12":{"start":{"line":25,"column":20},"end":{"line":25,"column":65}},"13":{"start":{"line":26,"column":6},"end":{"line":26,"column":62}},"14":{"start":{"line":26,"column":39},"end":{"line":26,"column":62}},"15":{"start":{"line":27,"column":6},"end":{"line":27,"column":53}},"16":{"start":{"line":30,"column":29},"end":{"line":30,"column":31}},"17":{"start":{"line":32,"column":4},"end":{"line":49,"column":5}},"18":{"start":{"line":33,"column":26},"end":{"line":33,"column":46}},"19":{"start":{"line":34,"column":23},"end":{"line":34,"column":58}},"20":{"start":{"line":35,"column":24},"end":{"line":35,"column":55}},"21":{"start":{"line":37,"column":6},"end":{"line":37,"column":51}},"22":{"start":{"line":37,"column":42},"end":{"line":37,"column":51}},"23":{"start":{"line":40,"column":26},"end":{"line":40,"column":81}},"24":{"start":{"line":41,"column":31},"end":{"line":44,"column":15}},"25":{"start":{"line":42,"column":19},"end":{"line":42,"column":27}},"26":{"start":{"line":43,"column":8},"end":{"line":43,"column":73}},"27":{"start":{"line":46,"column":6},"end":{"line":46,"column":63}},"28":{"start":{"line":46,"column":54},"end":{"line":46,"column":63}},"29":{"start":{"line":48,"column":6},"end":{"line":48,"column":70}},"30":{"start":{"line":51,"column":4},"end":{"line":51,"column":16}},"31":{"start":{"line":14,"column":13},"end":{"line":14,"column":23}},"32":{"start":{"line":14,"column":13},"end":{"line":53,"column":null}}},"fnMap":{"0":{"name":"(anonymous_2)","decl":{"start":{"line":17,"column":2},"end":{"line":17,"column":9}},"loc":{"start":{"line":17,"column":27},"end":{"line":52,"column":3}}},"1":{"name":"(anonymous_3)","decl":{"start":{"line":41,"column":50},"end":{"line":41,"column":51}},"loc":{"start":{"line":41,"column":56},"end":{"line":44,"column":7}}}},"branchMap":{"0":{"loc":{"start":{"line":18,"column":4},"end":{"line":18,"column":77}},"type":"if","locations":[{"start":{"line":18,"column":4},"end":{"line":18,"column":77}},{"start":{},"end":{}}]},"1":{"loc":{"start":{"line":18,"column":8},"end":{"line":18,"column":65}},"type":"binary-expr","locations":[{"start":{"line":18,"column":8},"end":{"line":18,"column":36}},{"start":{"line":18,"column":40},"end":{"line":18,"column":65}}]},"2":{"loc":{"start":{"line":20,"column":21},"end":{"line":20,"column":60}},"type":"binary-expr","locations":[{"start":{"line":20,"column":21},"end":{"line":20,"column":28}},{"start":{"line":20,"column":32},"end":{"line":20,"column":60}}]},"3":{"loc":{"start":{"line":25,"column":20},"end":{"line":25,"column":65}},"type":"binary-expr","locations":[{"start":{"line":25,"column":20},"end":{"line":25,"column":59}},{"start":{"line":25,"column":63},"end":{"line":25,"column":65}}]},"4":{"loc":{"start":{"line":26,"column":6},"end":{"line":26,"column":62}},"type":"if","locations":[{"start":{"line":26,"column":6},"end":{"line":26,"column":62}},{"start":{},"end":{}}]},"5":{"loc":{"start":{"line":37,"column":6},"end":{"line":37,"column":51}},"type":"if","locations":[{"start":{"line":37,"column":6},"end":{"line":37,"column":51}},{"start":{},"end":{}}]},"6":{"loc":{"start":{"line":43,"column":15},"end":{"line":43,"column":72}},"type":"binary-expr","locations":[{"start":{"line":43,"column":15},"end":{"line":43,"column":40}},{"start":{"line":43,"column":44},"end":{"line":43,"column":72}}]},"7":{"loc":{"start":{"line":46,"column":6},"end":{"line":46,"column":63}},"type":"if","locations":[{"start":{"line":46,"column":6},"end":{"line":46,"column":63}},{"start":{},"end":{}}]}},"s":{"0":1,"1":1,"2":1,"3":1,"4":1,"5":1,"6":1,"7":8,"8":2,"9":6,"10":6,"11":6,"12":13,"13":13,"14":12,"15":13,"16":6,"17":6,"18":6,"19":6,"20":6,"21":6,"22":1,"23":5,"24":5,"25":10,"26":10,"27":5,"28":1,"29":4,"30":6,"31":1,"32":1},"f":{"0":8,"1":10},"b":{"0":[2,6],"1":[8,8],"2":[6,1],"3":[13,6],"4":[12,1],"5":[1,5],"6":[10,10],"7":[1,4]}}
,"/Users/trancuong/workspaces/interview/everfit/src/modules/exercise-metadata/plugins/insight-plugin.interface.ts": {"path":"/Users/trancuong/workspaces/interview/everfit/src/modules/exercise-metadata/plugins/insight-plugin.interface.ts","statementMap":{"0":{"start":{"line":18,"column":13},"end":{"line":18,"column":49}}},"fnMap":{},"branchMap":{},"s":{"0":1},"f":{},"b":{}}
,"/Users/trancuong/workspaces/interview/everfit/src/modules/exercise-metadata/plugins/most-trained.plugin.ts": {"path":"/Users/trancuong/workspaces/interview/everfit/src/modules/exercise-metadata/plugins/most-trained.plugin.ts","statementMap":{"0":{"start":{"line":1,"column":0},"end":{"line":1,"column":44}},"1":{"start":{"line":9,"column":7},"end":{"line":30,"column":null}},"2":{"start":{"line":10,"column":17},"end":{"line":10,"column":30}},"3":{"start":{"line":13,"column":16},"end":{"line":13,"column":76}},"4":{"start":{"line":15,"column":4},"end":{"line":20,"column":5}},"5":{"start":{"line":16,"column":18},"end":{"line":16,"column":83}},"6":{"start":{"line":17,"column":6},"end":{"line":17,"column":35}},"7":{"start":{"line":18,"column":6},"end":{"line":18,"column":82}},"8":{"start":{"line":18,"column":50},"end":{"line":18,"column":77}},"9":{"start":{"line":19,"column":6},"end":{"line":19,"column":39}},"10":{"start":{"line":22,"column":4},"end":{"line":28,"column":47}},"11":{"start":{"line":23,"column":37},"end":{"line":27,"column":8}},"12":{"start":{"line":28,"column":22},"end":{"line":28,"column":45}},"13":{"start":{"line":9,"column":13},"end":{"line":9,"column":30}},"14":{"start":{"line":9,"column":13},"end":{"line":30,"column":null}}},"fnMap":{"0":{"name":"(anonymous_1)","decl":{"start":{"line":12,"column":2},"end":{"line":12,"column":9}},"loc":{"start":{"line":12,"column":27},"end":{"line":29,"column":3}}},"1":{"name":"(anonymous_2)","decl":{"start":{"line":18,"column":38},"end":{"line":18,"column":39}},"loc":{"start":{"line":18,"column":50},"end":{"line":18,"column":77}}},"2":{"name":"(anonymous_3)","decl":{"start":{"line":23,"column":11},"end":{"line":23,"column":12}},"loc":{"start":{"line":23,"column":37},"end":{"line":27,"column":8}}},"3":{"name":"(anonymous_4)","decl":{"start":{"line":28,"column":12},"end":{"line":28,"column":13}},"loc":{"start":{"line":28,"column":22},"end":{"line":28,"column":45}}}},"branchMap":{"0":{"loc":{"start":{"line":16,"column":18},"end":{"line":16,"column":83}},"type":"binary-expr","locations":[{"start":{"line":16,"column":18},"end":{"line":16,"column":45}},{"start":{"line":16,"column":49},"end":{"line":16,"column":83}}]}},"s":{"0":1,"1":1,"2":1,"3":4,"4":4,"5":7,"6":7,"7":7,"8":8,"9":7,"10":4,"11":5,"12":2,"13":1,"14":1},"f":{"0":4,"1":8,"2":5,"3":2},"b":{"0":[7,5]}}
,"/Users/trancuong/workspaces/interview/everfit/src/modules/exercise-metadata/plugins/muscle-group-balance.plugin.ts": {"path":"/Users/trancuong/workspaces/interview/everfit/src/modules/exercise-metadata/plugins/muscle-group-balance.plugin.ts","statementMap":{"0":{"start":{"line":1,"column":0},"end":{"line":1,"column":44}},"1":{"start":{"line":9,"column":7},"end":{"line":33,"column":null}},"2":{"start":{"line":10,"column":17},"end":{"line":10,"column":37}},"3":{"start":{"line":13,"column":4},"end":{"line":13,"column":77}},"4":{"start":{"line":13,"column":67},"end":{"line":13,"column":77}},"5":{"start":{"line":15,"column":26},"end":{"line":15,"column":51}},"6":{"start":{"line":17,"column":4},"end":{"line":21,"column":5}},"7":{"start":{"line":18,"column":20},"end":{"line":18,"column":50}},"8":{"start":{"line":19,"column":26},"end":{"line":19,"column":87}},"9":{"start":{"line":19,"column":56},"end":{"line":19,"column":83}},"10":{"start":{"line":20,"column":6},"end":{"line":20,"column":78}},"11":{"start":{"line":23,"column":18},"end":{"line":23,"column":79}},"12":{"start":{"line":23,"column":70},"end":{"line":23,"column":75}},"13":{"start":{"line":24,"column":4},"end":{"line":24,"column":31}},"14":{"start":{"line":24,"column":21},"end":{"line":24,"column":31}},"15":{"start":{"line":26,"column":43},"end":{"line":26,"column":45}},"16":{"start":{"line":27,"column":4},"end":{"line":29,"column":5}},"17":{"start":{"line":28,"column":6},"end":{"line":28,"column":63}},"18":{"start":{"line":31,"column":4},"end":{"line":31,"column":18}},"19":{"start":{"line":9,"column":13},"end":{"line":9,"column":37}},"20":{"start":{"line":9,"column":13},"end":{"line":33,"column":null}}},"fnMap":{"0":{"name":"(anonymous_1)","decl":{"start":{"line":12,"column":2},"end":{"line":12,"column":9}},"loc":{"start":{"line":12,"column":27},"end":{"line":32,"column":3}}},"1":{"name":"(anonymous_2)","decl":{"start":{"line":19,"column":44},"end":{"line":19,"column":45}},"loc":{"start":{"line":19,"column":56},"end":{"line":19,"column":83}}},"2":{"name":"(anonymous_3)","decl":{"start":{"line":23,"column":60},"end":{"line":23,"column":61}},"loc":{"start":{"line":23,"column":70},"end":{"line":23,"column":75}}}},"branchMap":{"0":{"loc":{"start":{"line":13,"column":4},"end":{"line":13,"column":77}},"type":"if","locations":[{"start":{"line":13,"column":4},"end":{"line":13,"column":77}},{"start":{},"end":{}}]},"1":{"loc":{"start":{"line":13,"column":8},"end":{"line":13,"column":65}},"type":"binary-expr","locations":[{"start":{"line":13,"column":8},"end":{"line":13,"column":36}},{"start":{"line":13,"column":40},"end":{"line":13,"column":65}}]},"2":{"loc":{"start":{"line":18,"column":20},"end":{"line":18,"column":50}},"type":"binary-expr","locations":[{"start":{"line":18,"column":20},"end":{"line":18,"column":37}},{"start":{"line":18,"column":41},"end":{"line":18,"column":50}}]},"3":{"loc":{"start":{"line":20,"column":32},"end":{"line":20,"column":61}},"type":"binary-expr","locations":[{"start":{"line":20,"column":32},"end":{"line":20,"column":56}},{"start":{"line":20,"column":60},"end":{"line":20,"column":61}}]},"4":{"loc":{"start":{"line":24,"column":4},"end":{"line":24,"column":31}},"type":"if","locations":[{"start":{"line":24,"column":4},"end":{"line":24,"column":31}},{"start":{},"end":{}}]}},"s":{"0":1,"1":1,"2":1,"3":6,"4":2,"5":4,"6":4,"7":8,"8":8,"9":8,"10":8,"11":4,"12":8,"13":4,"14":1,"15":3,"16":3,"17":6,"18":3,"19":1,"20":1},"f":{"0":6,"1":8,"2":8},"b":{"0":[2,4],"1":[6,5],"2":[8,2],"3":[8,8],"4":[1,3]}}
,"/Users/trancuong/workspaces/interview/everfit/src/modules/exercise-metadata/plugins/training-frequency.plugin.ts": {"path":"/Users/trancuong/workspaces/interview/everfit/src/modules/exercise-metadata/plugins/training-frequency.plugin.ts","statementMap":{"0":{"start":{"line":1,"column":0},"end":{"line":1,"column":44}},"1":{"start":{"line":7,"column":0},"end":{"line":7,"column":26}},"2":{"start":{"line":10,"column":7},"end":{"line":28,"column":null}},"3":{"start":{"line":11,"column":17},"end":{"line":11,"column":36}},"4":{"start":{"line":14,"column":24},"end":{"line":14,"column":64}},"5":{"start":{"line":14,"column":56},"end":{"line":14,"column":62}},"6":{"start":{"line":15,"column":26},"end":{"line":15,"column":42}},"7":{"start":{"line":17,"column":4},"end":{"line":17,"column":77}},"8":{"start":{"line":17,"column":29},"end":{"line":17,"column":77}},"9":{"start":{"line":19,"column":24},"end":{"line":19,"column":54}},"10":{"start":{"line":20,"column":17},"end":{"line":20,"column":44}},"11":{"start":{"line":21,"column":15},"end":{"line":21,"column":61}},"12":{"start":{"line":23,"column":18},"end":{"line":23,"column":75}},"13":{"start":{"line":24,"column":28},"end":{"line":24,"column":73}},"14":{"start":{"line":26,"column":4},"end":{"line":26,"column":46}},"15":{"start":{"line":10,"column":13},"end":{"line":10,"column":36}},"16":{"start":{"line":10,"column":13},"end":{"line":28,"column":null}}},"fnMap":{"0":{"name":"(anonymous_2)","decl":{"start":{"line":13,"column":2},"end":{"line":13,"column":9}},"loc":{"start":{"line":13,"column":27},"end":{"line":27,"column":3}}},"1":{"name":"(anonymous_3)","decl":{"start":{"line":14,"column":49},"end":{"line":14,"column":50}},"loc":{"start":{"line":14,"column":56},"end":{"line":14,"column":62}}}},"branchMap":{"0":{"loc":{"start":{"line":17,"column":4},"end":{"line":17,"column":77}},"type":"if","locations":[{"start":{"line":17,"column":4},"end":{"line":17,"column":77}},{"start":{},"end":{}}]},"1":{"loc":{"start":{"line":20,"column":17},"end":{"line":20,"column":44}},"type":"binary-expr","locations":[{"start":{"line":20,"column":17},"end":{"line":20,"column":26}},{"start":{"line":20,"column":30},"end":{"line":20,"column":44}}]},"2":{"loc":{"start":{"line":21,"column":15},"end":{"line":21,"column":61}},"type":"binary-expr","locations":[{"start":{"line":21,"column":15},"end":{"line":21,"column":22}},{"start":{"line":21,"column":26},"end":{"line":21,"column":61}}]}},"s":{"0":1,"1":1,"2":1,"3":1,"4":4,"5":8,"6":4,"7":4,"8":1,"9":3,"10":3,"11":3,"12":3,"13":3,"14":3,"15":1,"16":1},"f":{"0":4,"1":8},"b":{"0":[1,3],"1":[3,2],"2":[3,2]}}
,"/Users/trancuong/workspaces/interview/everfit/src/modules/workout-entry/workout-entry.service.ts": {"path":"/Users/trancuong/workspaces/interview/everfit/src/modules/workout-entry/workout-entry.service.ts","statementMap":{"0":{"start":{"line":1,"column":0},"end":{"line":1,"column":52}},"1":{"start":{"line":3,"column":0},"end":{"line":3,"column":116}},"2":{"start":{"line":9,"column":0},"end":{"line":9,"column":64}},"3":{"start":{"line":12,"column":7},"end":{"line":59,"column":null}},"4":{"start":{"line":15,"column":21},"end":{"line":15,"column":50}},"5":{"start":{"line":19,"column":20},"end":{"line":27,"column":7}},"6":{"start":{"line":19,"column":48},"end":{"line":27,"column":6}},"7":{"start":{"line":21,"column":37},"end":{"line":26,"column":8}},"8":{"start":{"line":29,"column":4},"end":{"line":29,"column":59}},"9":{"start":{"line":33,"column":19},"end":{"line":41,"column":6}},"10":{"start":{"line":43,"column":4},"end":{"line":57,"column":6}},"11":{"start":{"line":44,"column":43},"end":{"line":51,"column":8}},"12":{"start":{"line":46,"column":39},"end":{"line":50,"column":10}},"13":{"start":{"line":12,"column":13},"end":{"line":12,"column":32}},"14":{"start":{"line":12,"column":13},"end":{"line":59,"column":null}}},"fnMap":{"0":{"name":"(anonymous_4)","decl":{"start":{"line":13,"column":2},"end":{"line":13,"column":null}},"loc":{"start":{"line":15,"column":50},"end":{"line":16,"column":6}}},"1":{"name":"(anonymous_5)","decl":{"start":{"line":18,"column":2},"end":{"line":18,"column":7}},"loc":{"start":{"line":18,"column":53},"end":{"line":30,"column":3}}},"2":{"name":"(anonymous_6)","decl":{"start":{"line":19,"column":36},"end":{"line":19,"column":37}},"loc":{"start":{"line":19,"column":48},"end":{"line":27,"column":6}}},"3":{"name":"(anonymous_7)","decl":{"start":{"line":21,"column":27},"end":{"line":21,"column":28}},"loc":{"start":{"line":21,"column":37},"end":{"line":26,"column":8}}},"4":{"name":"(anonymous_8)","decl":{"start":{"line":32,"column":2},"end":{"line":32,"column":7}},"loc":{"start":{"line":32,"column":37},"end":{"line":58,"column":3}}},"5":{"name":"(anonymous_9)","decl":{"start":{"line":44,"column":31},"end":{"line":44,"column":32}},"loc":{"start":{"line":44,"column":43},"end":{"line":51,"column":8}}},"6":{"name":"(anonymous_10)","decl":{"start":{"line":46,"column":29},"end":{"line":46,"column":30}},"loc":{"start":{"line":46,"column":39},"end":{"line":50,"column":10}}}},"branchMap":{},"s":{"0":2,"1":2,"2":2,"3":2,"4":5,"5":5,"6":6,"7":6,"8":4,"9":7,"10":7,"11":6,"12":6,"13":2,"14":2},"f":{"0":5,"1":5,"2":6,"3":6,"4":7,"5":6,"6":6},"b":{}}
,"/Users/trancuong/workspaces/interview/everfit/src/modules/workout-set/workout-set.service.ts": {"path":"/Users/trancuong/workspaces/interview/everfit/src/modules/workout-set/workout-set.service.ts","statementMap":{"0":{"start":{"line":1,"column":0},"end":{"line":1,"column":52}},"1":{"start":{"line":3,"column":0},"end":{"line":3,"column":110}},"2":{"start":{"line":10,"column":0},"end":{"line":10,"column":62}},"3":{"start":{"line":11,"column":0},"end":{"line":11,"column":58}},"4":{"start":{"line":13,"column":0},"end":{"line":13,"column":58}},"5":{"start":{"line":14,"column":0},"end":{"line":14,"column":51}},"6":{"start":{"line":15,"column":0},"end":{"line":15,"column":26}},"7":{"start":{"line":16,"column":0},"end":{"line":16,"column":43}},"8":{"start":{"line":18,"column":0},"end":{"line":18,"column":22}},"9":{"start":{"line":21,"column":7},"end":{"line":166,"column":null}},"10":{"start":{"line":29,"column":17},"end":{"line":34,"column":6}},"11":{"start":{"line":36,"column":20},"end":{"line":36,"column":54}},"12":{"start":{"line":38,"column":4},"end":{"line":52,"column":5}},"13":{"start":{"line":39,"column":23},"end":{"line":41,"column":29}},"14":{"start":{"line":42,"column":21},"end":{"line":42,"column":76}},"15":{"start":{"line":44,"column":23},"end":{"line":49,"column":8}},"16":{"start":{"line":51,"column":6},"end":{"line":51,"column":88}},"17":{"start":{"line":54,"column":4},"end":{"line":54,"column":29}},"18":{"start":{"line":58,"column":17},"end":{"line":63,"column":6}},"19":{"start":{"line":65,"column":23},"end":{"line":65,"column":51}},"20":{"start":{"line":66,"column":23},"end":{"line":66,"column":62}},"21":{"start":{"line":68,"column":4},"end":{"line":79,"column":6}},"22":{"start":{"line":70,"column":39},"end":{"line":75,"column":10}},"23":{"start":{"line":83,"column":4},"end":{"line":83,"column":86}},"24":{"start":{"line":83,"column":27},"end":{"line":83,"column":86}},"25":{"start":{"line":85,"column":22},"end":{"line":85,"column":87}},"26":{"start":{"line":85,"column":48},"end":{"line":85,"column":85}},"27":{"start":{"line":86,"column":22},"end":{"line":87,"column":null}},"28":{"start":{"line":87,"column":6},"end":{"line":87,"column":64}},"29":{"start":{"line":89,"column":20},"end":{"line":90,"column":null}},"30":{"start":{"line":90,"column":6},"end":{"line":90,"column":82}},"31":{"start":{"line":93,"column":4},"end":{"line":106,"column":6}},"32":{"start":{"line":112,"column":16},"end":{"line":112,"column":77}},"33":{"start":{"line":114,"column":4},"end":{"line":122,"column":5}},"34":{"start":{"line":115,"column":23},"end":{"line":115,"column":38}},"35":{"start":{"line":116,"column":6},"end":{"line":121,"column":7}},"36":{"start":{"line":117,"column":8},"end":{"line":117,"column":85}},"37":{"start":{"line":119,"column":8},"end":{"line":119,"column":76}},"38":{"start":{"line":120,"column":8},"end":{"line":120,"column":49}},"39":{"start":{"line":124,"column":4},"end":{"line":126,"column":44}},"40":{"start":{"line":125,"column":26},"end":{"line":125,"column":44}},"41":{"start":{"line":126,"column":27},"end":{"line":126,"column":41}},"42":{"start":{"line":133,"column":4},"end":{"line":139,"column":5}},"43":{"start":{"line":134,"column":6},"end":{"line":138,"column":10}},"44":{"start":{"line":134,"column":36},"end":{"line":138,"column":8}},"45":{"start":{"line":141,"column":20},"end":{"line":141,"column":78}},"46":{"start":{"line":143,"column":4},"end":{"line":156,"column":5}},"47":{"start":{"line":145,"column":8},"end":{"line":147,"column":43}},"48":{"start":{"line":149,"column":21},"end":{"line":149,"column":40}},"49":{"start":{"line":150,"column":6},"end":{"line":155,"column":7}},"50":{"start":{"line":151,"column":8},"end":{"line":151,"column":81}},"51":{"start":{"line":153,"column":8},"end":{"line":153,"column":44}},"52":{"start":{"line":154,"column":8},"end":{"line":154,"column":38}},"53":{"start":{"line":158,"column":4},"end":{"line":164,"column":10}},"54":{"start":{"line":159,"column":26},"end":{"line":159,"column":44}},"55":{"start":{"line":160,"column":29},"end":{"line":164,"column":8}},"56":{"start":{"line":162,"column":51},"end":{"line":162,"column":58}},"57":{"start":{"line":21,"column":13},"end":{"line":21,"column":30}},"58":{"start":{"line":21,"column":13},"end":{"line":166,"column":null}}},"fnMap":{"0":{"name":"(anonymous_5)","decl":{"start":{"line":28,"column":2},"end":{"line":28,"column":7}},"loc":{"start":{"line":28,"column":28},"end":{"line":55,"column":3}}},"1":{"name":"(anonymous_6)","decl":{"start":{"line":57,"column":2},"end":{"line":57,"column":7}},"loc":{"start":{"line":57,"column":39},"end":{"line":80,"column":3}}},"2":{"name":"(anonymous_7)","decl":{"start":{"line":70,"column":31},"end":{"line":70,"column":32}},"loc":{"start":{"line":70,"column":39},"end":{"line":75,"column":10}}},"3":{"name":"(anonymous_8)","decl":{"start":{"line":82,"column":10},"end":{"line":82,"column":23}},"loc":{"start":{"line":82,"column":61},"end":{"line":107,"column":3}}},"4":{"name":"(anonymous_9)","decl":{"start":{"line":85,"column":34},"end":{"line":85,"column":35}},"loc":{"start":{"line":85,"column":48},"end":{"line":85,"column":85}}},"5":{"name":"(anonymous_10)","decl":{"start":{"line":86,"column":34},"end":{"line":86,"column":35}},"loc":{"start":{"line":87,"column":6},"end":{"line":87,"column":64}}},"6":{"name":"(anonymous_11)","decl":{"start":{"line":89,"column":32},"end":{"line":89,"column":33}},"loc":{"start":{"line":90,"column":6},"end":{"line":90,"column":82}}},"7":{"name":"(anonymous_12)","decl":{"start":{"line":109,"column":10},"end":{"line":109,"column":27}},"loc":{"start":{"line":110,"column":60},"end":{"line":127,"column":3}}},"8":{"name":"(anonymous_13)","decl":{"start":{"line":125,"column":12},"end":{"line":125,"column":13}},"loc":{"start":{"line":125,"column":26},"end":{"line":125,"column":44}}},"9":{"name":"(anonymous_14)","decl":{"start":{"line":126,"column":11},"end":{"line":126,"column":12}},"loc":{"start":{"line":126,"column":27},"end":{"line":126,"column":41}}},"10":{"name":"(anonymous_15)","decl":{"start":{"line":129,"column":10},"end":{"line":129,"column":19}},"loc":{"start":{"line":131,"column":20},"end":{"line":165,"column":3}}},"11":{"name":"(anonymous_16)","decl":{"start":{"line":134,"column":28},"end":{"line":134,"column":29}},"loc":{"start":{"line":134,"column":36},"end":{"line":138,"column":8}}},"12":{"name":"(anonymous_17)","decl":{"start":{"line":159,"column":12},"end":{"line":159,"column":13}},"loc":{"start":{"line":159,"column":26},"end":{"line":159,"column":44}}},"13":{"name":"(anonymous_18)","decl":{"start":{"line":160,"column":11},"end":{"line":160,"column":12}},"loc":{"start":{"line":160,"column":29},"end":{"line":164,"column":8}}},"14":{"name":"(anonymous_19)","decl":{"start":{"line":162,"column":39},"end":{"line":162,"column":40}},"loc":{"start":{"line":162,"column":51},"end":{"line":162,"column":58}}}},"branchMap":{"0":{"loc":{"start":{"line":38,"column":4},"end":{"line":52,"column":5}},"type":"if","locations":[{"start":{"line":38,"column":4},"end":{"line":52,"column":5}},{"start":{},"end":{}}]},"1":{"loc":{"start":{"line":38,"column":8},"end":{"line":38,"column":73}},"type":"binary-expr","locations":[{"start":{"line":38,"column":8},"end":{"line":38,"column":51}},{"start":{"line":38,"column":55},"end":{"line":38,"column":63}},{"start":{"line":38,"column":67},"end":{"line":38,"column":73}}]},"2":{"loc":{"start":{"line":77,"column":14},"end":{"line":77,"column":85}},"type":"cond-expr","locations":[{"start":{"line":77,"column":40},"end":{"line":77,"column":78}},{"start":{"line":77,"column":81},"end":{"line":77,"column":85}}]},"3":{"loc":{"start":{"line":83,"column":4},"end":{"line":83,"column":86}},"type":"if","locations":[{"start":{"line":83,"column":4},"end":{"line":83,"column":86}},{"start":{},"end":{}}]},"4":{"loc":{"start":{"line":85,"column":48},"end":{"line":85,"column":85}},"type":"cond-expr","locations":[{"start":{"line":85,"column":77},"end":{"line":85,"column":78}},{"start":{"line":85,"column":81},"end":{"line":85,"column":85}}]},"5":{"loc":{"start":{"line":87,"column":6},"end":{"line":87,"column":64}},"type":"cond-expr","locations":[{"start":{"line":87,"column":56},"end":{"line":87,"column":57}},{"start":{"line":87,"column":60},"end":{"line":87,"column":64}}]},"6":{"loc":{"start":{"line":90,"column":6},"end":{"line":90,"column":82}},"type":"cond-expr","locations":[{"start":{"line":90,"column":74},"end":{"line":90,"column":75}},{"start":{"line":90,"column":78},"end":{"line":90,"column":82}}]},"7":{"loc":{"start":{"line":116,"column":6},"end":{"line":121,"column":7}},"type":"if","locations":[{"start":{"line":116,"column":6},"end":{"line":121,"column":7}},{"start":{"line":118,"column":13},"end":{"line":121,"column":7}}]},"8":{"loc":{"start":{"line":133,"column":4},"end":{"line":139,"column":5}},"type":"if","locations":[{"start":{"line":133,"column":4},"end":{"line":139,"column":5}},{"start":{},"end":{}}]},"9":{"loc":{"start":{"line":145,"column":8},"end":{"line":147,"column":43}},"type":"cond-expr","locations":[{"start":{"line":146,"column":12},"end":{"line":146,"column":97}},{"start":{"line":147,"column":12},"end":{"line":147,"column":43}}]},"10":{"loc":{"start":{"line":150,"column":6},"end":{"line":155,"column":7}},"type":"if","locations":[{"start":{"line":150,"column":6},"end":{"line":155,"column":7}},{"start":{"line":152,"column":13},"end":{"line":155,"column":7}}]}},"s":{"0":2,"1":2,"2":2,"3":2,"4":2,"5":2,"6":2,"7":2,"8":2,"9":2,"10":9,"11":9,"12":9,"13":2,"14":2,"15":2,"16":2,"17":7,"18":9,"19":9,"20":9,"21":9,"22":11,"23":11,"24":3,"25":8,"26":5,"27":8,"28":5,"29":8,"30":5,"31":8,"32":9,"33":9,"34":14,"35":14,"36":12,"37":2,"38":2,"39":9,"40":5,"41":12,"42":9,"43":7,"44":7,"45":2,"46":2,"47":5,"48":5,"49":5,"50":4,"51":1,"52":1,"53":2,"54":2,"55":4,"56":5,"57":2,"58":2},"f":{"0":9,"1":9,"2":11,"3":11,"4":5,"5":5,"6":5,"7":9,"8":5,"9":12,"10":9,"11":7,"12":2,"13":4,"14":5},"b":{"0":[2,7],"1":[9,2,2],"2":[3,6],"3":[3,8],"4":[3,2],"5":[2,3],"6":[2,3],"7":[12,2],"8":[7,2],"9":[3,2],"10":[4,1]}}
,"/Users/trancuong/workspaces/interview/everfit/src/shared/enums/compare-to.enum.ts": {"path":"/Users/trancuong/workspaces/interview/everfit/src/shared/enums/compare-to.enum.ts","statementMap":{"0":{"start":{"line":1,"column":0},"end":{"line":1,"column":null}},"1":{"start":{"line":2,"column":2},"end":{"line":2,"column":null}}},"fnMap":{"0":{"name":"(anonymous_0)","decl":{"start":{"line":1,"column":0},"end":{"line":1,"column":12}},"loc":{"start":{"line":1,"column":21},"end":{"line":3,"column":1}}}},"branchMap":{"0":{"loc":{"start":{"line":1,"column":12},"end":{"line":1,"column":null}},"type":"binary-expr","locations":[{"start":{"line":1,"column":12},"end":{"line":1,"column":21}},{"start":{"line":1,"column":21},"end":{"line":1,"column":null}}]}},"s":{"0":2,"1":2},"f":{"0":2},"b":{"0":[2,2]}}
,"/Users/trancuong/workspaces/interview/everfit/src/shared/enums/group-by.enum.ts": {"path":"/Users/trancuong/workspaces/interview/everfit/src/shared/enums/group-by.enum.ts","statementMap":{"0":{"start":{"line":1,"column":0},"end":{"line":1,"column":null}},"1":{"start":{"line":2,"column":2},"end":{"line":2,"column":null}},"2":{"start":{"line":3,"column":2},"end":{"line":3,"column":null}},"3":{"start":{"line":4,"column":2},"end":{"line":4,"column":null}}},"fnMap":{"0":{"name":"(anonymous_0)","decl":{"start":{"line":1,"column":0},"end":{"line":1,"column":12}},"loc":{"start":{"line":1,"column":19},"end":{"line":5,"column":1}}}},"branchMap":{"0":{"loc":{"start":{"line":1,"column":12},"end":{"line":1,"column":null}},"type":"binary-expr","locations":[{"start":{"line":1,"column":12},"end":{"line":1,"column":19}},{"start":{"line":1,"column":19},"end":{"line":1,"column":null}}]}},"s":{"0":2,"1":2,"2":2,"3":2},"f":{"0":2},"b":{"0":[2,2]}}
,"/Users/trancuong/workspaces/interview/everfit/src/shared/enums/weight-unit.enum.ts": {"path":"/Users/trancuong/workspaces/interview/everfit/src/shared/enums/weight-unit.enum.ts","statementMap":{"0":{"start":{"line":1,"column":0},"end":{"line":1,"column":null}},"1":{"start":{"line":2,"column":2},"end":{"line":2,"column":null}},"2":{"start":{"line":3,"column":2},"end":{"line":3,"column":null}}},"fnMap":{"0":{"name":"(anonymous_0)","decl":{"start":{"line":1,"column":0},"end":{"line":1,"column":12}},"loc":{"start":{"line":1,"column":22},"end":{"line":4,"column":1}}}},"branchMap":{"0":{"loc":{"start":{"line":1,"column":12},"end":{"line":1,"column":null}},"type":"binary-expr","locations":[{"start":{"line":1,"column":12},"end":{"line":1,"column":22}},{"start":{"line":1,"column":22},"end":{"line":1,"column":null}}]}},"s":{"0":5,"1":5,"2":5},"f":{"0":5},"b":{"0":[5,5]}}
,"/Users/trancuong/workspaces/interview/everfit/src/shared/units/unit-converter.ts": {"path":"/Users/trancuong/workspaces/interview/everfit/src/shared/units/unit-converter.ts","statementMap":{"0":{"start":{"line":12,"column":0},"end":{"line":12,"column":16}},"1":{"start":{"line":17,"column":0},"end":{"line":17,"column":16}},"2":{"start":{"line":1,"column":0},"end":{"line":1,"column":64}},"3":{"start":{"line":3,"column":13},"end":{"line":6,"column":2}},"4":{"start":{"line":9,"column":2},"end":{"line":9,"column":61}},"5":{"start":{"line":9,"column":29},"end":{"line":9,"column":61}},"6":{"start":{"line":13,"column":2},"end":{"line":13,"column":19}},"7":{"start":{"line":14,"column":2},"end":{"line":14,"column":62}},"8":{"start":{"line":18,"column":2},"end":{"line":18,"column":25}},"9":{"start":{"line":19,"column":2},"end":{"line":19,"column":72}}},"fnMap":{"0":{"name":"assertUnit","decl":{"start":{"line":8,"column":9},"end":{"line":8,"column":19}},"loc":{"start":{"line":8,"column":32},"end":{"line":10,"column":1}}},"1":{"name":"toKg","decl":{"start":{"line":12,"column":16},"end":{"line":12,"column":20}},"loc":{"start":{"line":12,"column":48},"end":{"line":15,"column":1}}},"2":{"name":"fromKg","decl":{"start":{"line":17,"column":16},"end":{"line":17,"column":22}},"loc":{"start":{"line":17,"column":58},"end":{"line":20,"column":1}}}},"branchMap":{"0":{"loc":{"start":{"line":9,"column":2},"end":{"line":9,"column":61}},"type":"if","locations":[{"start":{"line":9,"column":2},"end":{"line":9,"column":61}},{"start":{},"end":{}}]}},"s":{"0":5,"1":5,"2":5,"3":5,"4":77,"5":6,"6":17,"7":13,"8":60,"9":58},"f":{"0":77,"1":17,"2":60},"b":{"0":[6,71]}}
,"/Users/trancuong/workspaces/interview/everfit/src/shared/utils/epley.ts": {"path":"/Users/trancuong/workspaces/interview/everfit/src/shared/utils/epley.ts","statementMap":{"0":{"start":{"line":2,"column":0},"end":{"line":2,"column":16}},"1":{"start":{"line":3,"column":2},"end":{"line":3,"column":64}}},"fnMap":{"0":{"name":"epley1RM","decl":{"start":{"line":2,"column":16},"end":{"line":2,"column":24}},"loc":{"start":{"line":2,"column":55},"end":{"line":4,"column":1}}}},"branchMap":{},"s":{"0":3,"1":26},"f":{"0":26},"b":{}}
}
