{"/Users/trancuong/workspaces/interview/everfit/src/app.service.ts": {"path":"/Users/trancuong/workspaces/interview/everfit/src/app.service.ts","statementMap":{"0":{"start":{"line":1,"column":0},"end":{"line":1,"column":44}},"1":{"start":{"line":4,"column":7},"end":{"line":8,"column":null}},"2":{"start":{"line":6,"column":4},"end":{"line":6,"column":26}},"3":{"start":{"line":4,"column":13},"end":{"line":4,"column":23}},"4":{"start":{"line":4,"column":13},"end":{"line":8,"column":null}}},"fnMap":{"0":{"name":"(anonymous_1)","decl":{"start":{"line":5,"column":2},"end":{"line":5,"column":10}},"loc":{"start":{"line":5,"column":10},"end":{"line":7,"column":3}}}},"branchMap":{},"s":{"0":1,"1":1,"2":1,"3":1,"4":1},"f":{"0":1},"b":{}}
,"/Users/trancuong/workspaces/interview/everfit/src/modules/exercise-metadata/exercise-metadata.service.ts": {"path":"/Users/trancuong/workspaces/interview/everfit/src/modules/exercise-metadata/exercise-metadata.service.ts","statementMap":{"0":{"start":{"line":1,"column":0},"end":{"line":1,"column":52}},"1":{"start":{"line":2,"column":0},"end":{"line":2,"column":null}},"2":{"start":{"line":11,"column":0},"end":{"line":11,"column":null}},"3":{"start":{"line":15,"column":0},"end":{"line":15,"column":26}},"4":{"start":{"line":18,"column":7},"end":{"line":55,"column":null}},"5":{"start":{"line":28,"column":25},"end":{"line":28,"column":85}},"6":{"start":{"line":29,"column":23},"end":{"line":29,"column":61}},"7":{"start":{"line":31,"column":20},"end":{"line":35,"column":6}},"8":{"start":{"line":37,"column":19},"end":{"line":37,"column":57}},"9":{"start":{"line":39,"column":4},"end":{"line":41,"column":5}},"10":{"start":{"line":40,"column":6},"end":{"line":40,"column":38}},"11":{"start":{"line":43,"column":24},"end":{"line":43,"column":91}},"12":{"start":{"line":44,"column":36},"end":{"line":44,"column":38}},"13":{"start":{"line":46,"column":4},"end":{"line":51,"column":5}},"14":{"start":{"line":47,"column":21},"end":{"line":47,"column":48}},"15":{"start":{"line":48,"column":6},"end":{"line":50,"column":7}},"16":{"start":{"line":49,"column":8},"end":{"line":49,"column":59}},"17":{"start":{"line":53,"column":4},"end":{"line":53,"column":32}},"18":{"start":{"line":18,"column":13},"end":{"line":18,"column":36}},"19":{"start":{"line":18,"column":13},"end":{"line":55,"column":null}}},"fnMap":{"0":{"name":"(anonymous_5)","decl":{"start":{"line":27,"column":2},"end":{"line":27,"column":7}},"loc":{"start":{"line":27,"column":39},"end":{"line":54,"column":3}}}},"branchMap":{"0":{"loc":{"start":{"line":28,"column":25},"end":{"line":28,"column":85}},"type":"binary-expr","locations":[{"start":{"line":28,"column":25},"end":{"line":28,"column":33}},{"start":{"line":28,"column":37},"end":{"line":28,"column":85}}]},"1":{"loc":{"start":{"line":29,"column":23},"end":{"line":29,"column":61}},"type":"binary-expr","locations":[{"start":{"line":29,"column":23},"end":{"line":29,"column":29}},{"start":{"line":29,"column":33},"end":{"line":29,"column":61}}]},"2":{"loc":{"start":{"line":39,"column":4},"end":{"line":41,"column":5}},"type":"if","locations":[{"start":{"line":39,"column":4},"end":{"line":41,"column":5}},{"start":{},"end":{}}]},"3":{"loc":{"start":{"line":48,"column":6},"end":{"line":50,"column":7}},"type":"if","locations":[{"start":{"line":48,"column":6},"end":{"line":50,"column":7}},{"start":{},"end":{}}]},"4":{"loc":{"start":{"line":48,"column":10},"end":{"line":48,"column":49}},"type":"binary-expr","locations":[{"start":{"line":48,"column":10},"end":{"line":48,"column":25}},{"start":{"line":48,"column":29},"end":{"line":48,"column":49}}]}},"s":{"0":1,"1":1,"2":1,"3":1,"4":1,"5":7,"6":7,"7":7,"8":7,"9":7,"10":3,"11":4,"12":4,"13":4,"14":7,"15":7,"16":5,"17":4,"18":1,"19":1},"f":{"0":7},"b":{"0":[7,4],"1":[7,4],"2":[3,4],"3":[5,2],"4":[7,6]}}
,"/Users/trancuong/workspaces/interview/everfit/src/modules/exercise-metadata/plugins/gaps.plugin.ts": {"path":"/Users/trancuong/workspaces/interview/everfit/src/modules/exercise-metadata/plugins/gaps.plugin.ts","statementMap":{"0":{"start":{"line":1,"column":0},"end":{"line":1,"column":44}},"1":{"start":{"line":6,"column":0},"end":{"line":6,"column":26}},"2":{"start":{"line":8,"column":27},"end":{"line":8,"column":29}},"3":{"start":{"line":9,"column":31},"end":{"line":9,"column":33}},"4":{"start":{"line":10,"column":32},"end":{"line":10,"column":33}},"5":{"start":{"line":22,"column":7},"end":{"line":61,"column":null}},"6":{"start":{"line":23,"column":18},"end":{"line":23,"column":24}},"7":{"start":{"line":26,"column":4},"end":{"line":26,"column":92}},"8":{"start":{"line":26,"column":67},"end":{"line":26,"column":92}},"9":{"start":{"line":28,"column":15},"end":{"line":28,"column":61}},"10":{"start":{"line":31,"column":28},"end":{"line":31,"column":55}},"11":{"start":{"line":32,"column":4},"end":{"line":36,"column":5}},"12":{"start":{"line":33,"column":20},"end":{"line":33,"column":65}},"13":{"start":{"line":34,"column":6},"end":{"line":34,"column":62}},"14":{"start":{"line":34,"column":39},"end":{"line":34,"column":62}},"15":{"start":{"line":35,"column":6},"end":{"line":35,"column":53}},"16":{"start":{"line":38,"column":43},"end":{"line":38,"column":45}},"17":{"start":{"line":40,"column":4},"end":{"line":57,"column":5}},"18":{"start":{"line":41,"column":26},"end":{"line":41,"column":46}},"19":{"start":{"line":42,"column":23},"end":{"line":42,"column":58}},"20":{"start":{"line":43,"column":30},"end":{"line":43,"column":61}},"21":{"start":{"line":45,"column":6},"end":{"line":45,"column":57}},"22":{"start":{"line":45,"column":48},"end":{"line":45,"column":57}},"23":{"start":{"line":48,"column":26},"end":{"line":48,"column":81}},"24":{"start":{"line":49,"column":31},"end":{"line":52,"column":15}},"25":{"start":{"line":50,"column":19},"end":{"line":50,"column":27}},"26":{"start":{"line":51,"column":8},"end":{"line":51,"column":73}},"27":{"start":{"line":54,"column":6},"end":{"line":54,"column":63}},"28":{"start":{"line":54,"column":54},"end":{"line":54,"column":63}},"29":{"start":{"line":56,"column":6},"end":{"line":56,"column":62}},"30":{"start":{"line":59,"column":4},"end":{"line":59,"column":25}},"31":{"start":{"line":22,"column":13},"end":{"line":22,"column":23}},"32":{"start":{"line":22,"column":13},"end":{"line":61,"column":null}}},"fnMap":{"0":{"name":"(anonymous_2)","decl":{"start":{"line":25,"column":2},"end":{"line":25,"column":9}},"loc":{"start":{"line":25,"column":27},"end":{"line":60,"column":3}}},"1":{"name":"(anonymous_3)","decl":{"start":{"line":49,"column":50},"end":{"line":49,"column":51}},"loc":{"start":{"line":49,"column":56},"end":{"line":52,"column":7}}}},"branchMap":{"0":{"loc":{"start":{"line":26,"column":4},"end":{"line":26,"column":92}},"type":"if","locations":[{"start":{"line":26,"column":4},"end":{"line":26,"column":92}},{"start":{},"end":{}}]},"1":{"loc":{"start":{"line":26,"column":8},"end":{"line":26,"column":65}},"type":"binary-expr","locations":[{"start":{"line":26,"column":8},"end":{"line":26,"column":36}},{"start":{"line":26,"column":40},"end":{"line":26,"column":65}}]},"2":{"loc":{"start":{"line":28,"column":21},"end":{"line":28,"column":60}},"type":"binary-expr","locations":[{"start":{"line":28,"column":21},"end":{"line":28,"column":28}},{"start":{"line":28,"column":32},"end":{"line":28,"column":60}}]},"3":{"loc":{"start":{"line":33,"column":20},"end":{"line":33,"column":65}},"type":"binary-expr","locations":[{"start":{"line":33,"column":20},"end":{"line":33,"column":59}},{"start":{"line":33,"column":63},"end":{"line":33,"column":65}}]},"4":{"loc":{"start":{"line":34,"column":6},"end":{"line":34,"column":62}},"type":"if","locations":[{"start":{"line":34,"column":6},"end":{"line":34,"column":62}},{"start":{},"end":{}}]},"5":{"loc":{"start":{"line":45,"column":6},"end":{"line":45,"column":57}},"type":"if","locations":[{"start":{"line":45,"column":6},"end":{"line":45,"column":57}},{"start":{},"end":{}}]},"6":{"loc":{"start":{"line":51,"column":15},"end":{"line":51,"column":72}},"type":"binary-expr","locations":[{"start":{"line":51,"column":15},"end":{"line":51,"column":40}},{"start":{"line":51,"column":44},"end":{"line":51,"column":72}}]},"7":{"loc":{"start":{"line":54,"column":6},"end":{"line":54,"column":63}},"type":"if","locations":[{"start":{"line":54,"column":6},"end":{"line":54,"column":63}},{"start":{},"end":{}}]}},"s":{"0":1,"1":1,"2":1,"3":1,"4":1,"5":1,"6":1,"7":8,"8":2,"9":6,"10":6,"11":6,"12":13,"13":13,"14":12,"15":13,"16":6,"17":6,"18":6,"19":6,"20":6,"21":6,"22":1,"23":5,"24":5,"25":10,"26":10,"27":5,"28":1,"29":4,"30":6,"31":1,"32":1},"f":{"0":8,"1":10},"b":{"0":[2,6],"1":[8,8],"2":[6,1],"3":[13,6],"4":[12,1],"5":[1,5],"6":[10,10],"7":[1,4]}}
,"/Users/trancuong/workspaces/interview/everfit/src/modules/exercise-metadata/plugins/insight-plugin.interface.ts": {"path":"/Users/trancuong/workspaces/interview/everfit/src/modules/exercise-metadata/plugins/insight-plugin.interface.ts","statementMap":{"0":{"start":{"line":18,"column":13},"end":{"line":18,"column":49}}},"fnMap":{},"branchMap":{},"s":{"0":1},"f":{},"b":{}}
,"/Users/trancuong/workspaces/interview/everfit/src/modules/exercise-metadata/plugins/most-trained.plugin.ts": {"path":"/Users/trancuong/workspaces/interview/everfit/src/modules/exercise-metadata/plugins/most-trained.plugin.ts","statementMap":{"0":{"start":{"line":1,"column":0},"end":{"line":1,"column":44}},"1":{"start":{"line":23,"column":7},"end":{"line":46,"column":null}},"2":{"start":{"line":24,"column":18},"end":{"line":24,"column":31}},"3":{"start":{"line":27,"column":16},"end":{"line":27,"column":76}},"4":{"start":{"line":29,"column":4},"end":{"line":34,"column":5}},"5":{"start":{"line":30,"column":18},"end":{"line":30,"column":83}},"6":{"start":{"line":31,"column":6},"end":{"line":31,"column":35}},"7":{"start":{"line":32,"column":6},"end":{"line":32,"column":82}},"8":{"start":{"line":32,"column":50},"end":{"line":32,"column":77}},"9":{"start":{"line":33,"column":6},"end":{"line":33,"column":39}},"10":{"start":{"line":36,"column":50},"end":{"line":38,"column":54}},"11":{"start":{"line":37,"column":33},"end":{"line":37,"column":78}},"12":{"start":{"line":38,"column":22},"end":{"line":38,"column":53}},"13":{"start":{"line":40,"column":44},"end":{"line":42,"column":56}},"14":{"start":{"line":41,"column":33},"end":{"line":41,"column":72}},"15":{"start":{"line":42,"column":22},"end":{"line":42,"column":55}},"16":{"start":{"line":44,"column":4},"end":{"line":44,"column":37}},"17":{"start":{"line":23,"column":13},"end":{"line":23,"column":30}},"18":{"start":{"line":23,"column":13},"end":{"line":46,"column":null}}},"fnMap":{"0":{"name":"(anonymous_1)","decl":{"start":{"line":26,"column":2},"end":{"line":26,"column":9}},"loc":{"start":{"line":26,"column":27},"end":{"line":45,"column":3}}},"1":{"name":"(anonymous_2)","decl":{"start":{"line":32,"column":38},"end":{"line":32,"column":39}},"loc":{"start":{"line":32,"column":50},"end":{"line":32,"column":77}}},"2":{"name":"(anonymous_3)","decl":{"start":{"line":37,"column":11},"end":{"line":37,"column":12}},"loc":{"start":{"line":37,"column":33},"end":{"line":37,"column":78}}},"3":{"name":"(anonymous_4)","decl":{"start":{"line":38,"column":12},"end":{"line":38,"column":13}},"loc":{"start":{"line":38,"column":22},"end":{"line":38,"column":53}}},"4":{"name":"(anonymous_5)","decl":{"start":{"line":41,"column":11},"end":{"line":41,"column":12}},"loc":{"start":{"line":41,"column":33},"end":{"line":41,"column":72}}},"5":{"name":"(anonymous_6)","decl":{"start":{"line":42,"column":12},"end":{"line":42,"column":13}},"loc":{"start":{"line":42,"column":22},"end":{"line":42,"column":55}}}},"branchMap":{"0":{"loc":{"start":{"line":30,"column":18},"end":{"line":30,"column":83}},"type":"binary-expr","locations":[{"start":{"line":30,"column":18},"end":{"line":30,"column":45}},{"start":{"line":30,"column":49},"end":{"line":30,"column":83}}]}},"s":{"0":1,"1":1,"2":1,"3":5,"4":5,"5":9,"6":9,"7":9,"8":10,"9":9,"10":5,"11":7,"12":3,"13":5,"14":7,"15":3,"16":5,"17":1,"18":1},"f":{"0":5,"1":10,"2":7,"3":3,"4":7,"5":3},"b":{"0":[9,7]}}
,"/Users/trancuong/workspaces/interview/everfit/src/modules/exercise-metadata/plugins/muscle-group-balance.plugin.ts": {"path":"/Users/trancuong/workspaces/interview/everfit/src/modules/exercise-metadata/plugins/muscle-group-balance.plugin.ts","statementMap":{"0":{"start":{"line":1,"column":0},"end":{"line":1,"column":44}},"1":{"start":{"line":13,"column":7},"end":{"line":46,"column":null}},"2":{"start":{"line":14,"column":18},"end":{"line":14,"column":38}},"3":{"start":{"line":17,"column":4},"end":{"line":19,"column":5}},"4":{"start":{"line":18,"column":6},"end":{"line":18,"column":48}},"5":{"start":{"line":21,"column":26},"end":{"line":21,"column":51}},"6":{"start":{"line":23,"column":4},"end":{"line":27,"column":5}},"7":{"start":{"line":24,"column":20},"end":{"line":24,"column":50}},"8":{"start":{"line":25,"column":26},"end":{"line":25,"column":87}},"9":{"start":{"line":25,"column":56},"end":{"line":25,"column":83}},"10":{"start":{"line":26,"column":6},"end":{"line":26,"column":78}},"11":{"start":{"line":29,"column":18},"end":{"line":29,"column":79}},"12":{"start":{"line":29,"column":70},"end":{"line":29,"column":75}},"13":{"start":{"line":30,"column":4},"end":{"line":30,"column":63}},"14":{"start":{"line":30,"column":21},"end":{"line":30,"column":63}},"15":{"start":{"line":32,"column":49},"end":{"line":32,"column":51}},"16":{"start":{"line":33,"column":4},"end":{"line":35,"column":5}},"17":{"start":{"line":34,"column":6},"end":{"line":34,"column":69}},"18":{"start":{"line":37,"column":31},"end":{"line":37,"column":33}},"19":{"start":{"line":38,"column":4},"end":{"line":42,"column":5}},"20":{"start":{"line":39,"column":6},"end":{"line":41,"column":7}},"21":{"start":{"line":40,"column":8},"end":{"line":40,"column":67}},"22":{"start":{"line":44,"column":4},"end":{"line":44,"column":38}},"23":{"start":{"line":13,"column":13},"end":{"line":13,"column":37}},"24":{"start":{"line":13,"column":13},"end":{"line":46,"column":null}}},"fnMap":{"0":{"name":"(anonymous_1)","decl":{"start":{"line":16,"column":2},"end":{"line":16,"column":9}},"loc":{"start":{"line":16,"column":27},"end":{"line":45,"column":3}}},"1":{"name":"(anonymous_2)","decl":{"start":{"line":25,"column":44},"end":{"line":25,"column":45}},"loc":{"start":{"line":25,"column":56},"end":{"line":25,"column":83}}},"2":{"name":"(anonymous_3)","decl":{"start":{"line":29,"column":60},"end":{"line":29,"column":61}},"loc":{"start":{"line":29,"column":70},"end":{"line":29,"column":75}}}},"branchMap":{"0":{"loc":{"start":{"line":17,"column":4},"end":{"line":19,"column":5}},"type":"if","locations":[{"start":{"line":17,"column":4},"end":{"line":19,"column":5}},{"start":{},"end":{}}]},"1":{"loc":{"start":{"line":17,"column":8},"end":{"line":17,"column":65}},"type":"binary-expr","locations":[{"start":{"line":17,"column":8},"end":{"line":17,"column":36}},{"start":{"line":17,"column":40},"end":{"line":17,"column":65}}]},"2":{"loc":{"start":{"line":24,"column":20},"end":{"line":24,"column":50}},"type":"binary-expr","locations":[{"start":{"line":24,"column":20},"end":{"line":24,"column":37}},{"start":{"line":24,"column":41},"end":{"line":24,"column":50}}]},"3":{"loc":{"start":{"line":26,"column":32},"end":{"line":26,"column":61}},"type":"binary-expr","locations":[{"start":{"line":26,"column":32},"end":{"line":26,"column":56}},{"start":{"line":26,"column":60},"end":{"line":26,"column":61}}]},"4":{"loc":{"start":{"line":30,"column":4},"end":{"line":30,"column":63}},"type":"if","locations":[{"start":{"line":30,"column":4},"end":{"line":30,"column":63}},{"start":{},"end":{}}]},"5":{"loc":{"start":{"line":39,"column":6},"end":{"line":41,"column":7}},"type":"if","locations":[{"start":{"line":39,"column":6},"end":{"line":41,"column":7}},{"start":{},"end":{}}]}},"s":{"0":1,"1":1,"2":1,"3":8,"4":2,"5":6,"6":6,"7":12,"8":12,"9":12,"10":12,"11":6,"12":12,"13":6,"14":1,"15":5,"16":5,"17":10,"18":5,"19":5,"20":10,"21":1,"22":5,"23":1,"24":1},"f":{"0":8,"1":12,"2":12},"b":{"0":[2,6],"1":[8,7],"2":[12,2],"3":[12,12],"4":[1,5],"5":[1,9]}}
,"/Users/trancuong/workspaces/interview/everfit/src/modules/exercise-metadata/plugins/training-frequency.plugin.ts": {"path":"/Users/trancuong/workspaces/interview/everfit/src/modules/exercise-metadata/plugins/training-frequency.plugin.ts","statementMap":{"0":{"start":{"line":1,"column":0},"end":{"line":1,"column":44}},"1":{"start":{"line":6,"column":0},"end":{"line":6,"column":26}},"2":{"start":{"line":15,"column":7},"end":{"line":34,"column":null}},"3":{"start":{"line":16,"column":18},"end":{"line":16,"column":37}},"4":{"start":{"line":19,"column":24},"end":{"line":19,"column":64}},"5":{"start":{"line":19,"column":56},"end":{"line":19,"column":62}},"6":{"start":{"line":20,"column":26},"end":{"line":20,"column":42}},"7":{"start":{"line":22,"column":4},"end":{"line":22,"column":95}},"8":{"start":{"line":22,"column":29},"end":{"line":22,"column":95}},"9":{"start":{"line":24,"column":24},"end":{"line":24,"column":54}},"10":{"start":{"line":25,"column":17},"end":{"line":25,"column":44}},"11":{"start":{"line":26,"column":15},"end":{"line":26,"column":61}},"12":{"start":{"line":28,"column":18},"end":{"line":28,"column":75}},"13":{"start":{"line":29,"column":28},"end":{"line":29,"column":73}},"14":{"start":{"line":30,"column":26},"end":{"line":30,"column":53}},"15":{"start":{"line":32,"column":4},"end":{"line":32,"column":61}},"16":{"start":{"line":15,"column":13},"end":{"line":15,"column":36}},"17":{"start":{"line":15,"column":13},"end":{"line":34,"column":null}}},"fnMap":{"0":{"name":"(anonymous_2)","decl":{"start":{"line":18,"column":2},"end":{"line":18,"column":9}},"loc":{"start":{"line":18,"column":27},"end":{"line":33,"column":3}}},"1":{"name":"(anonymous_3)","decl":{"start":{"line":19,"column":49},"end":{"line":19,"column":50}},"loc":{"start":{"line":19,"column":56},"end":{"line":19,"column":62}}}},"branchMap":{"0":{"loc":{"start":{"line":22,"column":4},"end":{"line":22,"column":95}},"type":"if","locations":[{"start":{"line":22,"column":4},"end":{"line":22,"column":95}},{"start":{},"end":{}}]},"1":{"loc":{"start":{"line":25,"column":17},"end":{"line":25,"column":44}},"type":"binary-expr","locations":[{"start":{"line":25,"column":17},"end":{"line":25,"column":26}},{"start":{"line":25,"column":30},"end":{"line":25,"column":44}}]},"2":{"loc":{"start":{"line":26,"column":15},"end":{"line":26,"column":61}},"type":"binary-expr","locations":[{"start":{"line":26,"column":15},"end":{"line":26,"column":22}},{"start":{"line":26,"column":26},"end":{"line":26,"column":61}}]}},"s":{"0":1,"1":1,"2":1,"3":1,"4":5,"5":10,"6":5,"7":5,"8":1,"9":4,"10":4,"11":4,"12":4,"13":4,"14":4,"15":4,"16":1,"17":1},"f":{"0":5,"1":10},"b":{"0":[1,4],"1":[4,2],"2":[4,2]}}
,"/Users/trancuong/workspaces/interview/everfit/src/modules/workout-entry/workout-entry.service.ts": {"path":"/Users/trancuong/workspaces/interview/everfit/src/modules/workout-entry/workout-entry.service.ts","statementMap":{"0":{"start":{"line":1,"column":0},"end":{"line":1,"column":52}},"1":{"start":{"line":3,"column":0},"end":{"line":3,"column":116}},"2":{"start":{"line":12,"column":0},"end":{"line":12,"column":64}},"3":{"start":{"line":15,"column":7},"end":{"line":64,"column":null}},"4":{"start":{"line":18,"column":21},"end":{"line":18,"column":50}},"5":{"start":{"line":22,"column":20},"end":{"line":30,"column":7}},"6":{"start":{"line":22,"column":48},"end":{"line":30,"column":6}},"7":{"start":{"line":24,"column":37},"end":{"line":29,"column":8}},"8":{"start":{"line":32,"column":18},"end":{"line":32,"column":72}},"9":{"start":{"line":34,"column":4},"end":{"line":34,"column":54}},"10":{"start":{"line":38,"column":19},"end":{"line":46,"column":6}},"11":{"start":{"line":48,"column":4},"end":{"line":62,"column":6}},"12":{"start":{"line":49,"column":43},"end":{"line":56,"column":8}},"13":{"start":{"line":51,"column":39},"end":{"line":55,"column":10}},"14":{"start":{"line":15,"column":13},"end":{"line":15,"column":32}},"15":{"start":{"line":15,"column":13},"end":{"line":64,"column":null}}},"fnMap":{"0":{"name":"(anonymous_4)","decl":{"start":{"line":16,"column":2},"end":{"line":16,"column":null}},"loc":{"start":{"line":18,"column":50},"end":{"line":19,"column":6}}},"1":{"name":"(anonymous_5)","decl":{"start":{"line":21,"column":2},"end":{"line":21,"column":7}},"loc":{"start":{"line":21,"column":53},"end":{"line":35,"column":3}}},"2":{"name":"(anonymous_6)","decl":{"start":{"line":22,"column":36},"end":{"line":22,"column":37}},"loc":{"start":{"line":22,"column":48},"end":{"line":30,"column":6}}},"3":{"name":"(anonymous_7)","decl":{"start":{"line":24,"column":27},"end":{"line":24,"column":28}},"loc":{"start":{"line":24,"column":37},"end":{"line":29,"column":8}}},"4":{"name":"(anonymous_8)","decl":{"start":{"line":37,"column":2},"end":{"line":37,"column":7}},"loc":{"start":{"line":37,"column":37},"end":{"line":63,"column":3}}},"5":{"name":"(anonymous_9)","decl":{"start":{"line":49,"column":31},"end":{"line":49,"column":32}},"loc":{"start":{"line":49,"column":43},"end":{"line":56,"column":8}}},"6":{"name":"(anonymous_10)","decl":{"start":{"line":51,"column":29},"end":{"line":51,"column":30}},"loc":{"start":{"line":51,"column":39},"end":{"line":55,"column":10}}}},"branchMap":{},"s":{"0":2,"1":2,"2":2,"3":2,"4":6,"5":6,"6":7,"7":7,"8":5,"9":5,"10":7,"11":7,"12":6,"13":6,"14":2,"15":2},"f":{"0":6,"1":6,"2":7,"3":7,"4":7,"5":6,"6":6},"b":{}}
,"/Users/trancuong/workspaces/interview/everfit/src/modules/workout-set/workout-set.service.ts": {"path":"/Users/trancuong/workspaces/interview/everfit/src/modules/workout-set/workout-set.service.ts","statementMap":{"0":{"start":{"line":1,"column":0},"end":{"line":1,"column":52}},"1":{"start":{"line":3,"column":0},"end":{"line":3,"column":110}},"2":{"start":{"line":19,"column":0},"end":{"line":19,"column":62}},"3":{"start":{"line":20,"column":0},"end":{"line":20,"column":58}},"4":{"start":{"line":22,"column":0},"end":{"line":22,"column":58}},"5":{"start":{"line":23,"column":0},"end":{"line":23,"column":51}},"6":{"start":{"line":24,"column":0},"end":{"line":24,"column":26}},"7":{"start":{"line":25,"column":0},"end":{"line":25,"column":43}},"8":{"start":{"line":27,"column":0},"end":{"line":27,"column":22}},"9":{"start":{"line":30,"column":7},"end":{"line":241,"column":null}},"10":{"start":{"line":38,"column":17},"end":{"line":43,"column":6}},"11":{"start":{"line":45,"column":20},"end":{"line":45,"column":46}},"12":{"start":{"line":47,"column":57},"end":{"line":47,"column":61}},"13":{"start":{"line":51,"column":15},"end":{"line":51,"column":19}},"14":{"start":{"line":53,"column":4},"end":{"line":70,"column":5}},"15":{"start":{"line":54,"column":25},"end":{"line":54,"column":67}},"16":{"start":{"line":55,"column":21},"end":{"line":55,"column":76}},"17":{"start":{"line":56,"column":23},"end":{"line":56,"column":85}},"18":{"start":{"line":58,"column":23},"end":{"line":63,"column":8}},"19":{"start":{"line":65,"column":6},"end":{"line":65,"column":51}},"20":{"start":{"line":66,"column":6},"end":{"line":69,"column":8}},"21":{"start":{"line":72,"column":26},"end":{"line":72,"column":86}},"22":{"start":{"line":73,"column":37},"end":{"line":73,"column":39}},"23":{"start":{"line":75,"column":4},"end":{"line":88,"column":5}},"24":{"start":{"line":76,"column":26},"end":{"line":76,"column":49}},"25":{"start":{"line":77,"column":18},"end":{"line":77,"column":58}},"26":{"start":{"line":79,"column":39},"end":{"line":79,"column":66}},"27":{"start":{"line":81,"column":6},"end":{"line":85,"column":7}},"28":{"start":{"line":82,"column":36},"end":{"line":82,"column":63}},"29":{"start":{"line":83,"column":24},"end":{"line":83,"column":72}},"30":{"start":{"line":84,"column":8},"end":{"line":84,"column":75}},"31":{"start":{"line":87,"column":6},"end":{"line":87,"column":24}},"32":{"start":{"line":90,"column":4},"end":{"line":90,"column":20}},"33":{"start":{"line":94,"column":17},"end":{"line":99,"column":6}},"34":{"start":{"line":101,"column":23},"end":{"line":101,"column":51}},"35":{"start":{"line":102,"column":23},"end":{"line":102,"column":62}},"36":{"start":{"line":104,"column":36},"end":{"line":108,"column":7}},"37":{"start":{"line":104,"column":59},"end":{"line":108,"column":6}},"38":{"start":{"line":110,"column":4},"end":{"line":116,"column":6}},"39":{"start":{"line":120,"column":16},"end":{"line":120,"column":48}},"40":{"start":{"line":121,"column":4},"end":{"line":125,"column":5}},"41":{"start":{"line":122,"column":23},"end":{"line":122,"column":52}},"42":{"start":{"line":123,"column":6},"end":{"line":123,"column":23}},"43":{"start":{"line":124,"column":6},"end":{"line":124,"column":40}},"44":{"start":{"line":126,"column":4},"end":{"line":126,"column":15}},"45":{"start":{"line":130,"column":4},"end":{"line":130,"column":88}},"46":{"start":{"line":130,"column":27},"end":{"line":130,"column":88}},"47":{"start":{"line":132,"column":25},"end":{"line":132,"column":90}},"48":{"start":{"line":132,"column":51},"end":{"line":132,"column":88}},"49":{"start":{"line":133,"column":25},"end":{"line":134,"column":null}},"50":{"start":{"line":134,"column":6},"end":{"line":134,"column":64}},"51":{"start":{"line":136,"column":25},"end":{"line":137,"column":null}},"52":{"start":{"line":137,"column":6},"end":{"line":137,"column":82}},"53":{"start":{"line":140,"column":31},"end":{"line":145,"column":6}},"54":{"start":{"line":147,"column":31},"end":{"line":152,"column":6}},"55":{"start":{"line":154,"column":31},"end":{"line":159,"column":6}},"56":{"start":{"line":161,"column":4},"end":{"line":161,"column":47}},"57":{"start":{"line":169,"column":4},"end":{"line":175,"column":6}},"58":{"start":{"line":179,"column":20},"end":{"line":179,"column":38}},"59":{"start":{"line":180,"column":21},"end":{"line":180,"column":68}},"60":{"start":{"line":181,"column":4},"end":{"line":181,"column":52}},"61":{"start":{"line":187,"column":16},"end":{"line":187,"column":77}},"62":{"start":{"line":189,"column":4},"end":{"line":197,"column":5}},"63":{"start":{"line":190,"column":23},"end":{"line":190,"column":38}},"64":{"start":{"line":191,"column":6},"end":{"line":196,"column":7}},"65":{"start":{"line":192,"column":8},"end":{"line":192,"column":85}},"66":{"start":{"line":194,"column":8},"end":{"line":194,"column":76}},"67":{"start":{"line":195,"column":8},"end":{"line":195,"column":49}},"68":{"start":{"line":199,"column":4},"end":{"line":201,"column":44}},"69":{"start":{"line":200,"column":26},"end":{"line":200,"column":44}},"70":{"start":{"line":201,"column":27},"end":{"line":201,"column":41}},"71":{"start":{"line":208,"column":4},"end":{"line":214,"column":5}},"72":{"start":{"line":209,"column":6},"end":{"line":213,"column":10}},"73":{"start":{"line":209,"column":36},"end":{"line":213,"column":8}},"74":{"start":{"line":216,"column":20},"end":{"line":216,"column":78}},"75":{"start":{"line":218,"column":4},"end":{"line":231,"column":5}},"76":{"start":{"line":220,"column":8},"end":{"line":222,"column":43}},"77":{"start":{"line":224,"column":21},"end":{"line":224,"column":40}},"78":{"start":{"line":225,"column":6},"end":{"line":230,"column":7}},"79":{"start":{"line":226,"column":8},"end":{"line":226,"column":81}},"80":{"start":{"line":228,"column":8},"end":{"line":228,"column":44}},"81":{"start":{"line":229,"column":8},"end":{"line":229,"column":38}},"82":{"start":{"line":233,"column":4},"end":{"line":239,"column":10}},"83":{"start":{"line":234,"column":26},"end":{"line":234,"column":44}},"84":{"start":{"line":235,"column":29},"end":{"line":239,"column":8}},"85":{"start":{"line":237,"column":51},"end":{"line":237,"column":58}},"86":{"start":{"line":30,"column":13},"end":{"line":30,"column":30}},"87":{"start":{"line":30,"column":13},"end":{"line":241,"column":null}}},"fnMap":{"0":{"name":"(anonymous_5)","decl":{"start":{"line":37,"column":2},"end":{"line":37,"column":7}},"loc":{"start":{"line":37,"column":28},"end":{"line":91,"column":3}}},"1":{"name":"(anonymous_6)","decl":{"start":{"line":93,"column":2},"end":{"line":93,"column":7}},"loc":{"start":{"line":93,"column":39},"end":{"line":117,"column":3}}},"2":{"name":"(anonymous_7)","decl":{"start":{"line":104,"column":51},"end":{"line":104,"column":52}},"loc":{"start":{"line":104,"column":59},"end":{"line":108,"column":6}}},"3":{"name":"(anonymous_8)","decl":{"start":{"line":119,"column":10},"end":{"line":119,"column":25}},"loc":{"start":{"line":119,"column":45},"end":{"line":127,"column":3}}},"4":{"name":"(anonymous_9)","decl":{"start":{"line":129,"column":10},"end":{"line":129,"column":22}},"loc":{"start":{"line":129,"column":60},"end":{"line":162,"column":3}}},"5":{"name":"(anonymous_10)","decl":{"start":{"line":132,"column":37},"end":{"line":132,"column":38}},"loc":{"start":{"line":132,"column":51},"end":{"line":132,"column":88}}},"6":{"name":"(anonymous_11)","decl":{"start":{"line":133,"column":37},"end":{"line":133,"column":38}},"loc":{"start":{"line":134,"column":6},"end":{"line":134,"column":64}}},"7":{"name":"(anonymous_12)","decl":{"start":{"line":136,"column":37},"end":{"line":136,"column":38}},"loc":{"start":{"line":137,"column":6},"end":{"line":137,"column":82}}},"8":{"name":"(anonymous_13)","decl":{"start":{"line":164,"column":10},"end":{"line":164,"column":25}},"loc":{"start":{"line":167,"column":95},"end":{"line":176,"column":3}}},"9":{"name":"(anonymous_14)","decl":{"start":{"line":178,"column":10},"end":{"line":178,"column":20}},"loc":{"start":{"line":178,"column":54},"end":{"line":182,"column":3}}},"10":{"name":"(anonymous_15)","decl":{"start":{"line":184,"column":10},"end":{"line":184,"column":27}},"loc":{"start":{"line":185,"column":60},"end":{"line":202,"column":3}}},"11":{"name":"(anonymous_16)","decl":{"start":{"line":200,"column":12},"end":{"line":200,"column":13}},"loc":{"start":{"line":200,"column":26},"end":{"line":200,"column":44}}},"12":{"name":"(anonymous_17)","decl":{"start":{"line":201,"column":11},"end":{"line":201,"column":12}},"loc":{"start":{"line":201,"column":27},"end":{"line":201,"column":41}}},"13":{"name":"(anonymous_18)","decl":{"start":{"line":204,"column":10},"end":{"line":204,"column":19}},"loc":{"start":{"line":206,"column":20},"end":{"line":240,"column":3}}},"14":{"name":"(anonymous_19)","decl":{"start":{"line":209,"column":28},"end":{"line":209,"column":29}},"loc":{"start":{"line":209,"column":36},"end":{"line":213,"column":8}}},"15":{"name":"(anonymous_20)","decl":{"start":{"line":234,"column":12},"end":{"line":234,"column":13}},"loc":{"start":{"line":234,"column":26},"end":{"line":234,"column":44}}},"16":{"name":"(anonymous_21)","decl":{"start":{"line":235,"column":11},"end":{"line":235,"column":12}},"loc":{"start":{"line":235,"column":29},"end":{"line":239,"column":8}}},"17":{"name":"(anonymous_22)","decl":{"start":{"line":237,"column":39},"end":{"line":237,"column":40}},"loc":{"start":{"line":237,"column":51},"end":{"line":237,"column":58}}}},"branchMap":{"0":{"loc":{"start":{"line":53,"column":4},"end":{"line":70,"column":5}},"type":"if","locations":[{"start":{"line":53,"column":4},"end":{"line":70,"column":5}},{"start":{},"end":{}}]},"1":{"loc":{"start":{"line":53,"column":8},"end":{"line":53,"column":73}},"type":"binary-expr","locations":[{"start":{"line":53,"column":8},"end":{"line":53,"column":51}},{"start":{"line":53,"column":55},"end":{"line":53,"column":63}},{"start":{"line":53,"column":67},"end":{"line":53,"column":73}}]},"2":{"loc":{"start":{"line":72,"column":58},"end":{"line":72,"column":83}},"type":"binary-expr","locations":[{"start":{"line":72,"column":58},"end":{"line":72,"column":77}},{"start":{"line":72,"column":81},"end":{"line":72,"column":83}}]},"3":{"loc":{"start":{"line":76,"column":26},"end":{"line":76,"column":49}},"type":"binary-expr","locations":[{"start":{"line":76,"column":26},"end":{"line":76,"column":43}},{"start":{"line":76,"column":47},"end":{"line":76,"column":49}}]},"4":{"loc":{"start":{"line":81,"column":6},"end":{"line":85,"column":7}},"type":"if","locations":[{"start":{"line":81,"column":6},"end":{"line":85,"column":7}},{"start":{},"end":{}}]},"5":{"loc":{"start":{"line":81,"column":10},"end":{"line":81,"column":53}},"type":"binary-expr","locations":[{"start":{"line":81,"column":10},"end":{"line":81,"column":30}},{"start":{"line":81,"column":34},"end":{"line":81,"column":53}}]},"6":{"loc":{"start":{"line":82,"column":36},"end":{"line":82,"column":63}},"type":"binary-expr","locations":[{"start":{"line":82,"column":36},"end":{"line":82,"column":57}},{"start":{"line":82,"column":61},"end":{"line":82,"column":63}}]},"7":{"loc":{"start":{"line":112,"column":15},"end":{"line":112,"column":36}},"type":"binary-expr","locations":[{"start":{"line":112,"column":15},"end":{"line":112,"column":26}},{"start":{"line":112,"column":30},"end":{"line":112,"column":36}}]},"8":{"loc":{"start":{"line":113,"column":12},"end":{"line":113,"column":28}},"type":"binary-expr","locations":[{"start":{"line":113,"column":12},"end":{"line":113,"column":20}},{"start":{"line":113,"column":24},"end":{"line":113,"column":28}}]},"9":{"loc":{"start":{"line":122,"column":23},"end":{"line":122,"column":52}},"type":"binary-expr","locations":[{"start":{"line":122,"column":23},"end":{"line":122,"column":46}},{"start":{"line":122,"column":50},"end":{"line":122,"column":52}}]},"10":{"loc":{"start":{"line":130,"column":4},"end":{"line":130,"column":88}},"type":"if","locations":[{"start":{"line":130,"column":4},"end":{"line":130,"column":88}},{"start":{},"end":{}}]},"11":{"loc":{"start":{"line":132,"column":51},"end":{"line":132,"column":88}},"type":"cond-expr","locations":[{"start":{"line":132,"column":80},"end":{"line":132,"column":81}},{"start":{"line":132,"column":84},"end":{"line":132,"column":88}}]},"12":{"loc":{"start":{"line":134,"column":6},"end":{"line":134,"column":64}},"type":"cond-expr","locations":[{"start":{"line":134,"column":56},"end":{"line":134,"column":57}},{"start":{"line":134,"column":60},"end":{"line":134,"column":64}}]},"13":{"loc":{"start":{"line":137,"column":6},"end":{"line":137,"column":82}},"type":"cond-expr","locations":[{"start":{"line":137,"column":74},"end":{"line":137,"column":75}},{"start":{"line":137,"column":78},"end":{"line":137,"column":82}}]},"14":{"loc":{"start":{"line":172,"column":33},"end":{"line":172,"column":62}},"type":"binary-expr","locations":[{"start":{"line":172,"column":33},"end":{"line":172,"column":57}},{"start":{"line":172,"column":61},"end":{"line":172,"column":62}}]},"15":{"loc":{"start":{"line":172,"column":64},"end":{"line":172,"column":90}},"type":"binary-expr","locations":[{"start":{"line":172,"column":64},"end":{"line":172,"column":85}},{"start":{"line":172,"column":89},"end":{"line":172,"column":90}}]},"16":{"loc":{"start":{"line":173,"column":33},"end":{"line":173,"column":62}},"type":"binary-expr","locations":[{"start":{"line":173,"column":33},"end":{"line":173,"column":57}},{"start":{"line":173,"column":61},"end":{"line":173,"column":62}}]},"17":{"loc":{"start":{"line":173,"column":64},"end":{"line":173,"column":90}},"type":"binary-expr","locations":[{"start":{"line":173,"column":64},"end":{"line":173,"column":85}},{"start":{"line":173,"column":89},"end":{"line":173,"column":90}}]},"18":{"loc":{"start":{"line":174,"column":33},"end":{"line":174,"column":62}},"type":"binary-expr","locations":[{"start":{"line":174,"column":33},"end":{"line":174,"column":57}},{"start":{"line":174,"column":61},"end":{"line":174,"column":62}}]},"19":{"loc":{"start":{"line":174,"column":64},"end":{"line":174,"column":90}},"type":"binary-expr","locations":[{"start":{"line":174,"column":64},"end":{"line":174,"column":85}},{"start":{"line":174,"column":89},"end":{"line":174,"column":90}}]},"20":{"loc":{"start":{"line":180,"column":21},"end":{"line":180,"column":68}},"type":"cond-expr","locations":[{"start":{"line":180,"column":38},"end":{"line":180,"column":64}},{"start":{"line":180,"column":67},"end":{"line":180,"column":68}}]},"21":{"loc":{"start":{"line":191,"column":6},"end":{"line":196,"column":7}},"type":"if","locations":[{"start":{"line":191,"column":6},"end":{"line":196,"column":7}},{"start":{"line":193,"column":13},"end":{"line":196,"column":7}}]},"22":{"loc":{"start":{"line":208,"column":4},"end":{"line":214,"column":5}},"type":"if","locations":[{"start":{"line":208,"column":4},"end":{"line":214,"column":5}},{"start":{},"end":{}}]},"23":{"loc":{"start":{"line":220,"column":8},"end":{"line":222,"column":43}},"type":"cond-expr","locations":[{"start":{"line":221,"column":12},"end":{"line":221,"column":97}},{"start":{"line":222,"column":12},"end":{"line":222,"column":43}}]},"24":{"loc":{"start":{"line":225,"column":6},"end":{"line":230,"column":7}},"type":"if","locations":[{"start":{"line":225,"column":6},"end":{"line":230,"column":7}},{"start":{"line":227,"column":13},"end":{"line":230,"column":7}}]}},"s":{"0":2,"1":2,"2":2,"3":2,"4":2,"5":2,"6":2,"7":2,"8":2,"9":2,"10":16,"11":16,"12":16,"13":16,"14":16,"15":7,"16":7,"17":7,"18":7,"19":7,"20":7,"21":16,"22":16,"23":16,"24":15,"25":15,"26":15,"27":15,"28":7,"29":7,"30":7,"31":15,"32":16,"33":10,"34":10,"35":10,"36":10,"37":11,"38":10,"39":23,"40":23,"41":24,"42":24,"43":24,"44":23,"45":22,"46":3,"47":19,"48":5,"49":19,"50":5,"51":19,"52":5,"53":19,"54":19,"55":19,"56":19,"57":7,"58":21,"59":21,"60":21,"61":10,"62":10,"63":14,"64":14,"65":12,"66":2,"67":2,"68":10,"69":5,"70":12,"71":10,"72":7,"73":7,"74":3,"75":3,"76":5,"77":5,"78":5,"79":4,"80":1,"81":1,"82":3,"83":2,"84":4,"85":5,"86":2,"87":2},"f":{"0":16,"1":10,"2":11,"3":23,"4":22,"5":5,"6":5,"7":5,"8":7,"9":21,"10":10,"11":5,"12":12,"13":10,"14":7,"15":2,"16":4,"17":5},"b":{"0":[7,9],"1":[16,7,7],"2":[16,9],"3":[15,1],"4":[7,8],"5":[15,7],"6":[7,2],"7":[10,1],"8":[10,1],"9":[24,19],"10":[3,19],"11":[3,2],"12":[2,3],"13":[2,3],"14":[7,1],"15":[7,2],"16":[7,1],"17":[7,2],"18":[7,1],"19":[7,2],"20":[15,6],"21":[12,2],"22":[7,3],"23":[3,2],"24":[4,1]}}
,"/Users/trancuong/workspaces/interview/everfit/src/shared/enums/compare-to.enum.ts": {"path":"/Users/trancuong/workspaces/interview/everfit/src/shared/enums/compare-to.enum.ts","statementMap":{"0":{"start":{"line":1,"column":0},"end":{"line":1,"column":null}},"1":{"start":{"line":2,"column":2},"end":{"line":2,"column":null}}},"fnMap":{"0":{"name":"(anonymous_0)","decl":{"start":{"line":1,"column":0},"end":{"line":1,"column":12}},"loc":{"start":{"line":1,"column":21},"end":{"line":3,"column":1}}}},"branchMap":{"0":{"loc":{"start":{"line":1,"column":12},"end":{"line":1,"column":null}},"type":"binary-expr","locations":[{"start":{"line":1,"column":12},"end":{"line":1,"column":21}},{"start":{"line":1,"column":21},"end":{"line":1,"column":null}}]}},"s":{"0":2,"1":2},"f":{"0":2},"b":{"0":[2,2]}}
,"/Users/trancuong/workspaces/interview/everfit/src/shared/enums/group-by.enum.ts": {"path":"/Users/trancuong/workspaces/interview/everfit/src/shared/enums/group-by.enum.ts","statementMap":{"0":{"start":{"line":1,"column":0},"end":{"line":1,"column":null}},"1":{"start":{"line":2,"column":2},"end":{"line":2,"column":null}},"2":{"start":{"line":3,"column":2},"end":{"line":3,"column":null}},"3":{"start":{"line":4,"column":2},"end":{"line":4,"column":null}}},"fnMap":{"0":{"name":"(anonymous_0)","decl":{"start":{"line":1,"column":0},"end":{"line":1,"column":12}},"loc":{"start":{"line":1,"column":19},"end":{"line":5,"column":1}}}},"branchMap":{"0":{"loc":{"start":{"line":1,"column":12},"end":{"line":1,"column":null}},"type":"binary-expr","locations":[{"start":{"line":1,"column":12},"end":{"line":1,"column":19}},{"start":{"line":1,"column":19},"end":{"line":1,"column":null}}]}},"s":{"0":2,"1":2,"2":2,"3":2},"f":{"0":2},"b":{"0":[2,2]}}
,"/Users/trancuong/workspaces/interview/everfit/src/shared/enums/weight-unit.enum.ts": {"path":"/Users/trancuong/workspaces/interview/everfit/src/shared/enums/weight-unit.enum.ts","statementMap":{"0":{"start":{"line":1,"column":0},"end":{"line":1,"column":null}},"1":{"start":{"line":2,"column":2},"end":{"line":2,"column":null}},"2":{"start":{"line":3,"column":2},"end":{"line":3,"column":null}}},"fnMap":{"0":{"name":"(anonymous_0)","decl":{"start":{"line":1,"column":0},"end":{"line":1,"column":12}},"loc":{"start":{"line":1,"column":22},"end":{"line":4,"column":1}}}},"branchMap":{"0":{"loc":{"start":{"line":1,"column":12},"end":{"line":1,"column":null}},"type":"binary-expr","locations":[{"start":{"line":1,"column":12},"end":{"line":1,"column":22}},{"start":{"line":1,"column":22},"end":{"line":1,"column":null}}]}},"s":{"0":5,"1":5,"2":5},"f":{"0":5},"b":{"0":[5,5]}}
,"/Users/trancuong/workspaces/interview/everfit/src/shared/units/unit-converter.ts": {"path":"/Users/trancuong/workspaces/interview/everfit/src/shared/units/unit-converter.ts","statementMap":{"0":{"start":{"line":12,"column":0},"end":{"line":12,"column":16}},"1":{"start":{"line":17,"column":0},"end":{"line":17,"column":16}},"2":{"start":{"line":1,"column":0},"end":{"line":1,"column":64}},"3":{"start":{"line":3,"column":13},"end":{"line":6,"column":2}},"4":{"start":{"line":9,"column":2},"end":{"line":9,"column":61}},"5":{"start":{"line":9,"column":29},"end":{"line":9,"column":61}},"6":{"start":{"line":13,"column":2},"end":{"line":13,"column":19}},"7":{"start":{"line":14,"column":2},"end":{"line":14,"column":62}},"8":{"start":{"line":18,"column":2},"end":{"line":18,"column":25}},"9":{"start":{"line":19,"column":2},"end":{"line":19,"column":72}}},"fnMap":{"0":{"name":"assertUnit","decl":{"start":{"line":8,"column":9},"end":{"line":8,"column":19}},"loc":{"start":{"line":8,"column":32},"end":{"line":10,"column":1}}},"1":{"name":"toKg","decl":{"start":{"line":12,"column":16},"end":{"line":12,"column":20}},"loc":{"start":{"line":12,"column":48},"end":{"line":15,"column":1}}},"2":{"name":"fromKg","decl":{"start":{"line":17,"column":16},"end":{"line":17,"column":22}},"loc":{"start":{"line":17,"column":58},"end":{"line":20,"column":1}}}},"branchMap":{"0":{"loc":{"start":{"line":9,"column":2},"end":{"line":9,"column":61}},"type":"if","locations":[{"start":{"line":9,"column":2},"end":{"line":9,"column":61}},{"start":{},"end":{}}]}},"s":{"0":5,"1":5,"2":5,"3":5,"4":111,"5":6,"6":18,"7":14,"8":93,"9":91},"f":{"0":111,"1":18,"2":93},"b":{"0":[6,105]}}
,"/Users/trancuong/workspaces/interview/everfit/src/shared/utils/epley.ts": {"path":"/Users/trancuong/workspaces/interview/everfit/src/shared/utils/epley.ts","statementMap":{"0":{"start":{"line":2,"column":0},"end":{"line":2,"column":16}},"1":{"start":{"line":3,"column":2},"end":{"line":3,"column":64}}},"fnMap":{"0":{"name":"epley1RM","decl":{"start":{"line":2,"column":16},"end":{"line":2,"column":24}},"loc":{"start":{"line":2,"column":55},"end":{"line":4,"column":1}}}},"branchMap":{},"s":{"0":3,"1":37},"f":{"0":37},"b":{}}
}
