TN:
SF:src/app.service.ts
FN:5,(anonymous_1)
FNF:1
FNH:1
FNDA:1,(anonymous_1)
DA:1,1
DA:4,1
DA:6,1
LF:3
LH:3
BRF:0
BRH:0
end_of_record
TN:
SF:src/modules/exercise-metadata/exercise-metadata.service.ts
FN:27,(anonymous_5)
FNF:1
FNH:1
FNDA:7,(anonymous_5)
DA:1,1
DA:2,1
DA:11,1
DA:15,1
DA:18,1
DA:28,7
DA:29,7
DA:31,7
DA:37,7
DA:39,7
DA:40,3
DA:43,4
DA:44,4
DA:46,4
DA:47,7
DA:48,7
DA:49,5
DA:53,4
LF:18
LH:18
BRDA:28,0,0,7
BRDA:28,0,1,4
BRDA:29,1,0,7
BRDA:29,1,1,4
BRDA:39,2,0,3
BRDA:39,2,1,4
BRDA:48,3,0,5
BRDA:48,3,1,2
BRDA:48,4,0,7
BRDA:48,4,1,6
BRF:10
BRH:10
end_of_record
TN:
SF:src/modules/exercise-metadata/plugins/gaps.plugin.ts
FN:25,(anonymous_2)
FN:49,(anonymous_3)
FNF:2
FNH:2
FNDA:8,(anonymous_2)
FNDA:10,(anonymous_3)
DA:1,1
DA:6,1
DA:8,1
DA:9,1
DA:10,1
DA:22,1
DA:23,1
DA:26,8
DA:28,6
DA:31,6
DA:32,6
DA:33,13
DA:34,13
DA:35,13
DA:38,6
DA:40,6
DA:41,6
DA:42,6
DA:43,6
DA:45,6
DA:48,5
DA:49,5
DA:50,10
DA:51,10
DA:54,5
DA:56,4
DA:59,6
LF:27
LH:27
BRDA:26,0,0,2
BRDA:26,0,1,6
BRDA:26,1,0,8
BRDA:26,1,1,8
BRDA:28,2,0,6
BRDA:28,2,1,1
BRDA:33,3,0,13
BRDA:33,3,1,6
BRDA:34,4,0,12
BRDA:34,4,1,1
BRDA:45,5,0,1
BRDA:45,5,1,5
BRDA:51,6,0,10
BRDA:51,6,1,10
BRDA:54,7,0,1
BRDA:54,7,1,4
BRF:16
BRH:16
end_of_record
TN:
SF:src/modules/exercise-metadata/plugins/insight-plugin.interface.ts
FNF:0
FNH:0
DA:18,1
LF:1
LH:1
BRF:0
BRH:0
end_of_record
TN:
SF:src/modules/exercise-metadata/plugins/most-trained.plugin.ts
FN:26,(anonymous_1)
FN:32,(anonymous_2)
FN:37,(anonymous_3)
FN:38,(anonymous_4)
FN:41,(anonymous_5)
FN:42,(anonymous_6)
FNF:6
FNH:6
FNDA:5,(anonymous_1)
FNDA:10,(anonymous_2)
FNDA:7,(anonymous_3)
FNDA:3,(anonymous_4)
FNDA:7,(anonymous_5)
FNDA:3,(anonymous_6)
DA:1,1
DA:23,1
DA:24,1
DA:27,5
DA:29,5
DA:30,9
DA:31,9
DA:32,10
DA:33,9
DA:36,5
DA:37,7
DA:38,3
DA:40,5
DA:41,7
DA:42,3
DA:44,5
LF:16
LH:16
BRDA:30,0,0,9
BRDA:30,0,1,7
BRF:2
BRH:2
end_of_record
TN:
SF:src/modules/exercise-metadata/plugins/muscle-group-balance.plugin.ts
FN:16,(anonymous_1)
FN:25,(anonymous_2)
FN:29,(anonymous_3)
FNF:3
FNH:3
FNDA:8,(anonymous_1)
FNDA:12,(anonymous_2)
FNDA:12,(anonymous_3)
DA:1,1
DA:13,1
DA:14,1
DA:17,8
DA:18,2
DA:21,6
DA:23,6
DA:24,12
DA:25,12
DA:26,12
DA:29,12
DA:30,6
DA:32,5
DA:33,5
DA:34,10
DA:37,5
DA:38,5
DA:39,10
DA:40,1
DA:44,5
LF:20
LH:20
BRDA:17,0,0,2
BRDA:17,0,1,6
BRDA:17,1,0,8
BRDA:17,1,1,7
BRDA:24,2,0,12
BRDA:24,2,1,2
BRDA:26,3,0,12
BRDA:26,3,1,12
BRDA:30,4,0,1
BRDA:30,4,1,5
BRDA:39,5,0,1
BRDA:39,5,1,9
BRF:12
BRH:12
end_of_record
TN:
SF:src/modules/exercise-metadata/plugins/training-frequency.plugin.ts
FN:18,(anonymous_2)
FN:19,(anonymous_3)
FNF:2
FNH:2
FNDA:5,(anonymous_2)
FNDA:10,(anonymous_3)
DA:1,1
DA:6,1
DA:15,1
DA:16,1
DA:19,10
DA:20,5
DA:22,5
DA:24,4
DA:25,4
DA:26,4
DA:28,4
DA:29,4
DA:30,4
DA:32,4
LF:14
LH:14
BRDA:22,0,0,1
BRDA:22,0,1,4
BRDA:25,1,0,4
BRDA:25,1,1,2
BRDA:26,2,0,4
BRDA:26,2,1,2
BRF:6
BRH:6
end_of_record
TN:
SF:src/modules/workout-entry/workout-entry.service.ts
FN:16,(anonymous_4)
FN:21,(anonymous_5)
FN:22,(anonymous_6)
FN:24,(anonymous_7)
FN:37,(anonymous_8)
FN:49,(anonymous_9)
FN:51,(anonymous_10)
FNF:7
FNH:7
FNDA:6,(anonymous_4)
FNDA:6,(anonymous_5)
FNDA:7,(anonymous_6)
FNDA:7,(anonymous_7)
FNDA:7,(anonymous_8)
FNDA:6,(anonymous_9)
FNDA:6,(anonymous_10)
DA:1,2
DA:3,2
DA:12,2
DA:15,2
DA:18,6
DA:22,7
DA:24,7
DA:32,5
DA:34,5
DA:38,7
DA:48,7
DA:49,6
DA:51,6
LF:13
LH:13
BRF:0
BRH:0
end_of_record
TN:
SF:src/modules/workout-set/workout-set.service.ts
FN:37,(anonymous_5)
FN:93,(anonymous_6)
FN:104,(anonymous_7)
FN:119,(anonymous_8)
FN:129,(anonymous_9)
FN:132,(anonymous_10)
FN:133,(anonymous_11)
FN:136,(anonymous_12)
FN:164,(anonymous_13)
FN:178,(anonymous_14)
FN:184,(anonymous_15)
FN:200,(anonymous_16)
FN:201,(anonymous_17)
FN:204,(anonymous_18)
FN:209,(anonymous_19)
FN:234,(anonymous_20)
FN:235,(anonymous_21)
FN:237,(anonymous_22)
FNF:18
FNH:18
FNDA:16,(anonymous_5)
FNDA:10,(anonymous_6)
FNDA:11,(anonymous_7)
FNDA:23,(anonymous_8)
FNDA:22,(anonymous_9)
FNDA:5,(anonymous_10)
FNDA:5,(anonymous_11)
FNDA:5,(anonymous_12)
FNDA:7,(anonymous_13)
FNDA:21,(anonymous_14)
FNDA:10,(anonymous_15)
FNDA:5,(anonymous_16)
FNDA:12,(anonymous_17)
FNDA:10,(anonymous_18)
FNDA:7,(anonymous_19)
FNDA:2,(anonymous_20)
FNDA:4,(anonymous_21)
FNDA:5,(anonymous_22)
DA:1,2
DA:3,2
DA:19,2
DA:20,2
DA:22,2
DA:23,2
DA:24,2
DA:25,2
DA:27,2
DA:30,2
DA:38,16
DA:45,16
DA:47,16
DA:51,16
DA:53,16
DA:54,7
DA:55,7
DA:56,7
DA:58,7
DA:65,7
DA:66,7
DA:72,16
DA:73,16
DA:75,16
DA:76,15
DA:77,15
DA:79,15
DA:81,15
DA:82,7
DA:83,7
DA:84,7
DA:87,15
DA:90,16
DA:94,10
DA:101,10
DA:102,10
DA:104,11
DA:110,10
DA:120,23
DA:121,23
DA:122,24
DA:123,24
DA:124,24
DA:126,23
DA:130,22
DA:132,19
DA:133,19
DA:134,5
DA:136,19
DA:137,5
DA:140,19
DA:147,19
DA:154,19
DA:161,19
DA:169,7
DA:179,21
DA:180,21
DA:181,21
DA:187,10
DA:189,10
DA:190,14
DA:191,14
DA:192,12
DA:194,2
DA:195,2
DA:199,10
DA:200,5
DA:201,12
DA:208,10
DA:209,7
DA:216,3
DA:218,3
DA:220,5
DA:224,5
DA:225,5
DA:226,4
DA:228,1
DA:229,1
DA:233,3
DA:234,2
DA:235,4
DA:237,5
LF:82
LH:82
BRDA:53,0,0,7
BRDA:53,0,1,9
BRDA:53,1,0,16
BRDA:53,1,1,7
BRDA:53,1,2,7
BRDA:72,2,0,16
BRDA:72,2,1,9
BRDA:76,3,0,15
BRDA:76,3,1,1
BRDA:81,4,0,7
BRDA:81,4,1,8
BRDA:81,5,0,15
BRDA:81,5,1,7
BRDA:82,6,0,7
BRDA:82,6,1,2
BRDA:112,7,0,10
BRDA:112,7,1,1
BRDA:113,8,0,10
BRDA:113,8,1,1
BRDA:122,9,0,24
BRDA:122,9,1,19
BRDA:130,10,0,3
BRDA:130,10,1,19
BRDA:132,11,0,3
BRDA:132,11,1,2
BRDA:134,12,0,2
BRDA:134,12,1,3
BRDA:137,13,0,2
BRDA:137,13,1,3
BRDA:172,14,0,7
BRDA:172,14,1,1
BRDA:172,15,0,7
BRDA:172,15,1,2
BRDA:173,16,0,7
BRDA:173,16,1,1
BRDA:173,17,0,7
BRDA:173,17,1,2
BRDA:174,18,0,7
BRDA:174,18,1,1
BRDA:174,19,0,7
BRDA:174,19,1,2
BRDA:180,20,0,15
BRDA:180,20,1,6
BRDA:191,21,0,12
BRDA:191,21,1,2
BRDA:208,22,0,7
BRDA:208,22,1,3
BRDA:220,23,0,3
BRDA:220,23,1,2
BRDA:225,24,0,4
BRDA:225,24,1,1
BRF:51
BRH:51
end_of_record
TN:
SF:src/shared/enums/compare-to.enum.ts
FN:1,(anonymous_0)
FNF:1
FNH:1
FNDA:2,(anonymous_0)
DA:1,2
DA:2,2
LF:2
LH:2
BRDA:1,0,0,2
BRDA:1,0,1,2
BRF:2
BRH:2
end_of_record
TN:
SF:src/shared/enums/group-by.enum.ts
FN:1,(anonymous_0)
FNF:1
FNH:1
FNDA:2,(anonymous_0)
DA:1,2
DA:2,2
DA:3,2
DA:4,2
LF:4
LH:4
BRDA:1,0,0,2
BRDA:1,0,1,2
BRF:2
BRH:2
end_of_record
TN:
SF:src/shared/enums/weight-unit.enum.ts
FN:1,(anonymous_0)
FNF:1
FNH:1
FNDA:5,(anonymous_0)
DA:1,5
DA:2,5
DA:3,5
LF:3
LH:3
BRDA:1,0,0,5
BRDA:1,0,1,5
BRF:2
BRH:2
end_of_record
TN:
SF:src/shared/units/unit-converter.ts
FN:8,assertUnit
FN:12,toKg
FN:17,fromKg
FNF:3
FNH:3
FNDA:111,assertUnit
FNDA:18,toKg
FNDA:93,fromKg
DA:1,5
DA:3,5
DA:9,111
DA:12,5
DA:13,18
DA:14,14
DA:17,5
DA:18,93
DA:19,91
LF:9
LH:9
BRDA:9,0,0,6
BRDA:9,0,1,105
BRF:2
BRH:2
end_of_record
TN:
SF:src/shared/utils/epley.ts
FN:2,epley1RM
FNF:1
FNH:1
FNDA:37,epley1RM
DA:2,3
DA:3,37
LF:2
LH:2
BRF:0
BRH:0
end_of_record
