TN:
SF:src/app.service.ts
FN:5,(anonymous_1)
FNF:1
FNH:1
FNDA:1,(anonymous_1)
DA:1,1
DA:4,1
DA:6,1
LF:3
LH:3
BRF:0
BRH:0
end_of_record
TN:
SF:src/modules/exercise-metadata/exercise-metadata.service.ts
FN:25,(anonymous_4)
FNF:1
FNH:1
FNDA:3,(anonymous_4)
DA:1,1
DA:2,1
DA:10,1
DA:16,1
DA:26,3
DA:32,3
DA:35,3
DA:36,3
DA:37,3
DA:40,3
LF:10
LH:10
BRF:0
BRH:0
end_of_record
TN:
SF:src/modules/exercise-metadata/plugins/gaps.plugin.ts
FN:17,(anonymous_2)
FN:41,(anonymous_3)
FNF:2
FNH:2
FNDA:8,(anonymous_2)
FNDA:10,(anonymous_3)
DA:1,1
DA:7,1
DA:9,1
DA:10,1
DA:11,1
DA:14,1
DA:15,1
DA:18,8
DA:20,6
DA:23,6
DA:24,6
DA:25,13
DA:26,13
DA:27,13
DA:30,6
DA:32,6
DA:33,6
DA:34,6
DA:35,6
DA:37,6
DA:40,5
DA:41,5
DA:42,10
DA:43,10
DA:46,5
DA:48,4
DA:51,6
LF:27
LH:27
BRDA:18,0,0,2
BRDA:18,0,1,6
BRDA:18,1,0,8
BRDA:18,1,1,8
BRDA:20,2,0,6
BRDA:20,2,1,1
BRDA:25,3,0,13
BRDA:25,3,1,6
BRDA:26,4,0,12
BRDA:26,4,1,1
BRDA:37,5,0,1
BRDA:37,5,1,5
BRDA:43,6,0,10
BRDA:43,6,1,10
BRDA:46,7,0,1
BRDA:46,7,1,4
BRF:16
BRH:16
end_of_record
TN:
SF:src/modules/exercise-metadata/plugins/insight-plugin.interface.ts
FNF:0
FNH:0
DA:18,1
LF:1
LH:1
BRF:0
BRH:0
end_of_record
TN:
SF:src/modules/exercise-metadata/plugins/most-trained.plugin.ts
FN:12,(anonymous_1)
FN:18,(anonymous_2)
FN:23,(anonymous_3)
FN:28,(anonymous_4)
FNF:4
FNH:4
FNDA:4,(anonymous_1)
FNDA:8,(anonymous_2)
FNDA:5,(anonymous_3)
FNDA:2,(anonymous_4)
DA:1,1
DA:9,1
DA:10,1
DA:13,4
DA:15,4
DA:16,7
DA:17,7
DA:18,8
DA:19,7
DA:22,4
DA:23,5
DA:28,2
LF:12
LH:12
BRDA:16,0,0,7
BRDA:16,0,1,5
BRF:2
BRH:2
end_of_record
TN:
SF:src/modules/exercise-metadata/plugins/muscle-group-balance.plugin.ts
FN:12,(anonymous_1)
FN:19,(anonymous_2)
FN:23,(anonymous_3)
FNF:3
FNH:3
FNDA:6,(anonymous_1)
FNDA:8,(anonymous_2)
FNDA:8,(anonymous_3)
DA:1,1
DA:9,1
DA:10,1
DA:13,6
DA:15,4
DA:17,4
DA:18,8
DA:19,8
DA:20,8
DA:23,8
DA:24,4
DA:26,3
DA:27,3
DA:28,6
DA:31,3
LF:15
LH:15
BRDA:13,0,0,2
BRDA:13,0,1,4
BRDA:13,1,0,6
BRDA:13,1,1,5
BRDA:18,2,0,8
BRDA:18,2,1,2
BRDA:20,3,0,8
BRDA:20,3,1,8
BRDA:24,4,0,1
BRDA:24,4,1,3
BRF:10
BRH:10
end_of_record
TN:
SF:src/modules/exercise-metadata/plugins/training-frequency.plugin.ts
FN:13,(anonymous_2)
FN:14,(anonymous_3)
FNF:2
FNH:2
FNDA:4,(anonymous_2)
FNDA:8,(anonymous_3)
DA:1,1
DA:7,1
DA:10,1
DA:11,1
DA:14,8
DA:15,4
DA:17,4
DA:19,3
DA:20,3
DA:21,3
DA:23,3
DA:24,3
DA:26,3
LF:13
LH:13
BRDA:17,0,0,1
BRDA:17,0,1,3
BRDA:20,1,0,3
BRDA:20,1,1,2
BRDA:21,2,0,3
BRDA:21,2,1,2
BRF:6
BRH:6
end_of_record
TN:
SF:src/modules/workout-entry/workout-entry.service.ts
FN:13,(anonymous_4)
FN:18,(anonymous_5)
FN:19,(anonymous_6)
FN:21,(anonymous_7)
FN:32,(anonymous_8)
FN:44,(anonymous_9)
FN:46,(anonymous_10)
FNF:7
FNH:7
FNDA:5,(anonymous_4)
FNDA:5,(anonymous_5)
FNDA:6,(anonymous_6)
FNDA:6,(anonymous_7)
FNDA:7,(anonymous_8)
FNDA:6,(anonymous_9)
FNDA:6,(anonymous_10)
DA:1,2
DA:3,2
DA:9,2
DA:12,2
DA:15,5
DA:19,6
DA:21,6
DA:29,4
DA:33,7
DA:43,7
DA:44,6
DA:46,6
LF:12
LH:12
BRF:0
BRH:0
end_of_record
TN:
SF:src/modules/workout-set/workout-set.service.ts
FN:28,(anonymous_5)
FN:57,(anonymous_6)
FN:70,(anonymous_7)
FN:82,(anonymous_8)
FN:85,(anonymous_9)
FN:86,(anonymous_10)
FN:89,(anonymous_11)
FN:109,(anonymous_12)
FN:125,(anonymous_13)
FN:126,(anonymous_14)
FN:129,(anonymous_15)
FN:134,(anonymous_16)
FN:159,(anonymous_17)
FN:160,(anonymous_18)
FN:162,(anonymous_19)
FNF:15
FNH:15
FNDA:9,(anonymous_5)
FNDA:9,(anonymous_6)
FNDA:11,(anonymous_7)
FNDA:11,(anonymous_8)
FNDA:5,(anonymous_9)
FNDA:5,(anonymous_10)
FNDA:5,(anonymous_11)
FNDA:9,(anonymous_12)
FNDA:5,(anonymous_13)
FNDA:12,(anonymous_14)
FNDA:9,(anonymous_15)
FNDA:7,(anonymous_16)
FNDA:2,(anonymous_17)
FNDA:4,(anonymous_18)
FNDA:5,(anonymous_19)
DA:1,2
DA:3,2
DA:10,2
DA:11,2
DA:13,2
DA:14,2
DA:15,2
DA:16,2
DA:18,2
DA:21,2
DA:29,9
DA:36,9
DA:38,9
DA:39,2
DA:42,2
DA:44,2
DA:51,2
DA:54,7
DA:58,9
DA:65,9
DA:66,9
DA:68,9
DA:70,11
DA:83,11
DA:85,8
DA:86,8
DA:87,5
DA:89,8
DA:90,5
DA:93,8
DA:112,9
DA:114,9
DA:115,14
DA:116,14
DA:117,12
DA:119,2
DA:120,2
DA:124,9
DA:125,5
DA:126,12
DA:133,9
DA:134,7
DA:141,2
DA:143,2
DA:145,5
DA:149,5
DA:150,5
DA:151,4
DA:153,1
DA:154,1
DA:158,2
DA:159,2
DA:160,4
DA:162,5
LF:54
LH:54
BRDA:38,0,0,2
BRDA:38,0,1,7
BRDA:38,1,0,9
BRDA:38,1,1,2
BRDA:38,1,2,2
BRDA:77,2,0,3
BRDA:77,2,1,6
BRDA:83,3,0,3
BRDA:83,3,1,8
BRDA:85,4,0,3
BRDA:85,4,1,2
BRDA:87,5,0,2
BRDA:87,5,1,3
BRDA:90,6,0,2
BRDA:90,6,1,3
BRDA:116,7,0,12
BRDA:116,7,1,2
BRDA:133,8,0,7
BRDA:133,8,1,2
BRDA:145,9,0,3
BRDA:145,9,1,2
BRDA:150,10,0,4
BRDA:150,10,1,1
BRF:23
BRH:23
end_of_record
TN:
SF:src/shared/enums/compare-to.enum.ts
FN:1,(anonymous_0)
FNF:1
FNH:1
FNDA:2,(anonymous_0)
DA:1,2
DA:2,2
LF:2
LH:2
BRDA:1,0,0,2
BRDA:1,0,1,2
BRF:2
BRH:2
end_of_record
TN:
SF:src/shared/enums/group-by.enum.ts
FN:1,(anonymous_0)
FNF:1
FNH:1
FNDA:2,(anonymous_0)
DA:1,2
DA:2,2
DA:3,2
DA:4,2
LF:4
LH:4
BRDA:1,0,0,2
BRDA:1,0,1,2
BRF:2
BRH:2
end_of_record
TN:
SF:src/shared/enums/weight-unit.enum.ts
FN:1,(anonymous_0)
FNF:1
FNH:1
FNDA:5,(anonymous_0)
DA:1,5
DA:2,5
DA:3,5
LF:3
LH:3
BRDA:1,0,0,5
BRDA:1,0,1,5
BRF:2
BRH:2
end_of_record
TN:
SF:src/shared/units/unit-converter.ts
FN:8,assertUnit
FN:12,toKg
FN:17,fromKg
FNF:3
FNH:3
FNDA:77,assertUnit
FNDA:17,toKg
FNDA:60,fromKg
DA:1,5
DA:3,5
DA:9,77
DA:12,5
DA:13,17
DA:14,13
DA:17,5
DA:18,60
DA:19,58
LF:9
LH:9
BRDA:9,0,0,6
BRDA:9,0,1,71
BRF:2
BRH:2
end_of_record
TN:
SF:src/shared/utils/epley.ts
FN:2,epley1RM
FNF:1
FNH:1
FNDA:26,epley1RM
DA:2,3
DA:3,26
LF:2
LH:2
BRF:0
BRH:0
end_of_record
